#
# There is insufficient memory for the Java Runtime Environment to continue.
# Native memory allocation (malloc) failed to allocate 253755392 bytes for committing reserved memory.
# Possible reasons:
#   The system is out of physical RAM or swap space
#   In 32 bit mode, the process size limit was hit
# Possible solutions:
#   Reduce memory load on the system
#   Increase physical memory or swap space
#   Check if swap backing store is full
#   Use 64 bit Java on a 64 bit OS
#   Decrease Java heap size (-Xmx/-Xms)
#   Decrease number of Java threads
#   Decrease Java thread stack sizes (-Xss)
#   Set larger code cache with -XX:ReservedCodeCacheSize=
# This output file may be truncated or incomplete.
#
#  Out of Memory Error (os_linux.cpp:2809), pid=11062, tid=626547520
#
# JRE version: OpenJDK Runtime Environment (7.0_79-b14) (build 1.7.0_79-b14)
# Java VM: OpenJDK Server VM (24.79-b02 mixed mode linux-x86 )
# Derivative: IcedTea 2.5.6
# Distribution: Ubuntu 12.04 LTS, package 7u79-2.5.6-0ubuntu1.12.04.1
# Failed to write core dump. Core dumps have been disabled. To enable core dumping, try "ulimit -c unlimited" before starting Java again
#

---------------  T H R E A D  ---------------

Current thread (0x25480800):  VMThread [stack: 0x25505000,0x25586000] [id=11071]

Stack: [0x25505000,0x25586000]
[error occurred during error reporting (printing stack bounds), id 0xb]

VM_Operation (0xb656ace8): ParallelGCFailedAllocation, mode: safepoint, requested by thread 0xb6407c00


---------------  P R O C E S S  ---------------

Java Threads: ( => current thread )
  0x24c07800 JavaThread "pool-1-thread-1" [_thread_blocked, id=11098, stack(0x2468b000,0x246dc000)]
  0x24c4e800 JavaThread "pool-2-thread-4" [_thread_blocked, id=11083, stack(0x246dc000,0x2472d000)]
  0x24c4d400 JavaThread "pool-2-thread-3" [_thread_blocked, id=11082, stack(0x2472d000,0x2477e000)]
  0x24c4a000 JavaThread "pool-2-thread-2" [_thread_blocked, id=11081, stack(0x2477e000,0x247cf000)]
  0x24c47800 JavaThread "pool-3-thread-1" [_thread_blocked, id=11080, stack(0x247cf000,0x24820000)]
  0x24c46c00 JavaThread "pool-2-thread-1" [_thread_blocked, id=11079, stack(0x24820000,0x24871000)]
  0x2549c800 JavaThread "Service Thread" daemon [_thread_blocked, id=11077, stack(0x24e0b000,0x24e5c000)]
  0x2549ac00 JavaThread "C2 CompilerThread1" daemon [_thread_blocked, id=11076, stack(0x24e5c000,0x24edd000)]
  0x25498c00 JavaThread "C2 CompilerThread0" daemon [_thread_blocked, id=11075, stack(0x24edd000,0x24f5e000)]
  0x25497400 JavaThread "Signal Dispatcher" daemon [_thread_blocked, id=11074, stack(0x24f5e000,0x24faf000)]
  0x25484800 JavaThread "Finalizer" daemon [_thread_blocked, id=11073, stack(0x251af000,0x25200000)]
  0x25483000 JavaThread "Reference Handler" daemon [_thread_blocked, id=11072, stack(0x2a52e000,0x2a57f000)]
  0xb6407c00 JavaThread "main" [_thread_blocked, id=11066, stack(0xb651b000,0xb656c000)]

Other Threads:
=>0x25480800 VMThread [stack: 0x25505000,0x25586000] [id=11071]
  0x2549ec00 WatcherThread [stack: 0x24d8a000,0x24e0b000] [id=11078]

VM state:at safepoint (normal execution)

VM Mutex/Monitor currently owned by a thread:  ([mutex/lock_event])
[0xb6404f30] ExpandHeap_lock - owner thread: 0x25480800
[0xb6405478] Threads_lock - owner thread: 0x25480800
[0xb6405888] Heap_lock - owner thread: 0xb6407c00

Heap
 PSYoungGen      total 441600K, used 46122K [0x88800000, 0xb32c0000, 0xb32c0000)
  eden space 255232K, 0% used [0x88800000,0x88800000,0x98140000)
  from space 186368K, 24% used [0xa7cc0000,0xaa9ca8b8,0xb32c0000)
  to   space 221952K, 0% used [0x98140000,0x98140000,0xa5a00000)
 ParOldGen       total 878336K, used 878271K [0x332c0000, 0x68c80000, 0x88800000)
  object space 878336K, 99% used [0x332c0000,0x68c6ff20,0x68c80000)
 PSPermGen       total 16384K, used 4495K [0x2b2c0000, 0x2c2c0000, 0x332c0000)
  object space 16384K, 27% used [0x2b2c0000,0x2b723df8,0x2c2c0000)

Card table byte_map: [0x2ae7f000,0x2b2c0000] byte_map_base: 0x2ad25a00

Polling page: 0xb76c6000

Code Cache  [0xb338f000, 0xb384f000, 0xb638f000)
 total_blobs=1552 nmethods=1430 adapters=76 free_code_cache=44342Kb largest_free_block=45357568

Compilation events (10 events):
Event: 34.093 Thread 0x25498c00 1480  s          com.android.dx.dex.file.ProtoIdsSection::intern (55 bytes)
Event: 34.107 Thread 0x2549ac00 nmethod 1475 0xb3846ac8 code [0xb3846d20, 0xb384826c]
Event: 34.107 Thread 0x2549ac00 1481             com.android.dx.dex.file.ProtoIdItem::shortFormCharFor (20 bytes)
Event: 34.108 Thread 0x2549ac00 nmethod 1481 0xb37a1608 code [0xb37a1700, 0xb37a17b0]
Event: 34.108 Thread 0x2549ac00 1482             com.android.dx.dex.file.ProtoIdItem::makeShortForm (74 bytes)
Event: 34.128 Thread 0x25498c00 nmethod 1480 0xb384a3c8 code [0xb384a5e0, 0xb384b9f8]
Event: 34.138 Thread 0x2549ac00 nmethod 1482 0xb382c088 code [0xb382c240, 0xb382d144]
Event: 34.250 Thread 0x25498c00 1483             com.android.dx.dex.file.UniformItemSection::prepare0 (47 bytes)
Event: 34.250 Thread 0x2549ac00 1484             com.android.dx.dex.file.MemberIdsSection::orderItems (69 bytes)
Event: 34.258 Thread 0x2549ac00 nmethod 1484 0xb382e208 code [0xb382e360, 0xb382e6f0]

GC Heap History (10 events):
Event: 31.318 GC heap after
Heap after GC invocations=33 (full 7):
 PSYoungGen      total 487936K, used 113354K [0x88800000, 0xb32c0000, 0xb32c0000)
  eden space 353024K, 0% used [0x88800000,0x88800000,0x9e0c0000)
  from space 134912K, 84% used [0xaaf00000,0xb1db2b98,0xb32c0000)
  to   space 173056K, 0% used [0x9e0c0000,0x9e0c0000,0xa89c0000)
 ParOldGen       total 878336K, used 741096K [0x332c0000, 0x68c80000, 0x88800000)
  object space 878336K, 84% used [0x332c0000,0x6067a170,0x68c80000)
 PSPermGen       total 16384K, used 4355K [0x2b2c0000, 0x2c2c0000, 0x332c0000)
  object space 16384K, 26% used [0x2b2c0000,0x2b700e20,0x2c2c0000)
}
Event: 31.839 GC heap before
{Heap before GC invocations=34 (full 7):
 PSYoungGen      total 487936K, used 466378K [0x88800000, 0xb32c0000, 0xb32c0000)
  eden space 353024K, 100% used [0x88800000,0x9e0c0000,0x9e0c0000)
  from space 134912K, 84% used [0xaaf00000,0xb1db2b98,0xb32c0000)
  to   space 173056K, 0% used [0x9e0c0000,0x9e0c0000,0xa89c0000)
 ParOldGen       total 878336K, used 741096K [0x332c0000, 0x68c80000, 0x88800000)
  object space 878336K, 84% used [0x332c0000,0x6067a170,0x68c80000)
 PSPermGen       total 16384K, used 4357K [0x2b2c0000, 0x2c2c0000, 0x332c0000)
  object space 16384K, 26% used [0x2b2c0000,0x2b701548,0x2c2c0000)
Event: 31.953 GC heap after
Heap after GC invocations=34 (full 7):
 PSYoungGen      total 526080K, used 94340K [0x88800000, 0xb32c0000, 0xb32c0000)
  eden space 353024K, 0% used [0x88800000,0x88800000,0x9e0c0000)
  from space 173056K, 54% used [0x9e0c0000,0xa3ce13f8,0xa89c0000)
  to   space 170240K, 0% used [0xa8c80000,0xa8c80000,0xb32c0000)
 ParOldGen       total 878336K, used 741096K [0x332c0000, 0x68c80000, 0x88800000)
  object space 878336K, 84% used [0x332c0000,0x6067a170,0x68c80000)
 PSPermGen       total 16384K, used 4357K [0x2b2c0000, 0x2c2c0000, 0x332c0000)
  object space 16384K, 26% used [0x2b2c0000,0x2b701548,0x2c2c0000)
}
Event: 32.667 GC heap before
{Heap before GC invocations=35 (full 7):
 PSYoungGen      total 526080K, used 447364K [0x88800000, 0xb32c0000, 0xb32c0000)
  eden space 353024K, 100% used [0x88800000,0x9e0c0000,0x9e0c0000)
  from space 173056K, 54% used [0x9e0c0000,0xa3ce13f8,0xa89c0000)
  to   space 170240K, 0% used [0xa8c80000,0xa8c80000,0xb32c0000)
 ParOldGen       total 878336K, used 741096K [0x332c0000, 0x68c80000, 0x88800000)
  object space 878336K, 84% used [0x332c0000,0x6067a170,0x68c80000)
 PSPermGen       total 16384K, used 4416K [0x2b2c0000, 0x2c2c0000, 0x332c0000)
  object space 16384K, 26% used [0x2b2c0000,0x2b710230,0x2c2c0000)
Event: 32.850 GC heap after
Heap after GC invocations=35 (full 7):
 PSYoungGen      total 496640K, used 146520K [0x88800000, 0xb32c0000, 0xb32c0000)
  eden space 326400K, 0% used [0x88800000,0x88800000,0x9c6c0000)
  from space 170240K, 86% used [0xa8c80000,0xb1b96090,0xb32c0000)
  to   space 186368K, 0% used [0x9c6c0000,0x9c6c0000,0xa7cc0000)
 ParOldGen       total 878336K, used 741096K [0x332c0000, 0x68c80000, 0x88800000)
  object space 878336K, 84% used [0x332c0000,0x6067a170,0x68c80000)
 PSPermGen       total 16384K, used 4416K [0x2b2c0000, 0x2c2c0000, 0x332c0000)
  object space 16384K, 26% used [0x2b2c0000,0x2b710230,0x2c2c0000)
}
Event: 33.449 GC heap before
{Heap before GC invocations=36 (full 7):
 PSYoungGen      total 496640K, used 472920K [0x88800000, 0xb32c0000, 0xb32c0000)
  eden space 326400K, 100% used [0x88800000,0x9c6c0000,0x9c6c0000)
  from space 170240K, 86% used [0xa8c80000,0xb1b96090,0xb32c0000)
  to   space 186368K, 0% used [0x9c6c0000,0x9c6c0000,0xa7cc0000)
 ParOldGen       total 878336K, used 741096K [0x332c0000, 0x68c80000, 0x88800000)
  object space 878336K, 84% used [0x332c0000,0x6067a170,0x68c80000)
 PSPermGen       total 16384K, used 4486K [0x2b2c0000, 0x2c2c0000, 0x332c0000)
  object space 16384K, 27% used [0x2b2c0000,0x2b721bf8,0x2c2c0000)
Event: 33.711 GC heap after
Heap after GC invocations=36 (full 7):
 PSYoungGen      total 512768K, used 186357K [0x88800000, 0xb32c0000, 0xb32c0000)
  eden space 326400K, 0% used [0x88800000,0x88800000,0x9c6c0000)
  from space 186368K, 99% used [0x9c6c0000,0xa7cbd6a8,0xa7cc0000)
  to   space 186368K, 0% used [0xa7cc0000,0xa7cc0000,0xb32c0000)
 ParOldGen       total 878336K, used 745609K [0x332c0000, 0x68c80000, 0x88800000)
  object space 878336K, 84% used [0x332c0000,0x60ae2490,0x68c80000)
 PSPermGen       total 16384K, used 4486K [0x2b2c0000, 0x2c2c0000, 0x332c0000)
  object space 16384K, 27% used [0x2b2c0000,0x2b721bf8,0x2c2c0000)
}
Event: 34.268 GC heap before
{Heap before GC invocations=37 (full 7):
 PSYoungGen      total 512768K, used 512757K [0x88800000, 0xb32c0000, 0xb32c0000)
  eden space 326400K, 100% used [0x88800000,0x9c6c0000,0x9c6c0000)
  from space 186368K, 99% used [0x9c6c0000,0xa7cbd6a8,0xa7cc0000)
  to   space 186368K, 0% used [0xa7cc0000,0xa7cc0000,0xb32c0000)
 ParOldGen       total 878336K, used 745609K [0x332c0000, 0x68c80000, 0x88800000)
  object space 878336K, 84% used [0x332c0000,0x60ae2490,0x68c80000)
 PSPermGen       total 16384K, used 4495K [0x2b2c0000, 0x2c2c0000, 0x332c0000)
  object space 16384K, 27% used [0x2b2c0000,0x2b723f38,0x2c2c0000)
Event: 34.619 GC heap after
Heap after GC invocations=37 (full 7):
 PSYoungGen      total 441600K, used 145014K [0x88800000, 0xb32c0000, 0xb32c0000)
  eden space 255232K, 0% used [0x88800000,0x88800000,0x98140000)
  from space 186368K, 77% used [0xa7cc0000,0xb0a5db00,0xb32c0000)
  to   space 221952K, 0% used [0x98140000,0x98140000,0xa5a00000)
 ParOldGen       total 878336K, used 836819K [0x332c0000, 0x68c80000, 0x88800000)
  object space 878336K, 95% used [0x332c0000,0x663f4ec0,0x68c80000)
 PSPermGen       total 16384K, used 4495K [0x2b2c0000, 0x2c2c0000, 0x332c0000)
  object space 16384K, 27% used [0x2b2c0000,0x2b723f38,0x2c2c0000)
}
Event: 34.619 GC heap before
{Heap before GC invocations=38 (full 8):
 PSYoungGen      total 441600K, used 145014K [0x88800000, 0xb32c0000, 0xb32c0000)
  eden space 255232K, 0% used [0x88800000,0x88800000,0x98140000)
  from space 186368K, 77% used [0xa7cc0000,0xb0a5db00,0xb32c0000)
  to   space 221952K, 0% used [0x98140000,0x98140000,0xa5a00000)
 ParOldGen       total 878336K, used 836819K [0x332c0000, 0x68c80000, 0x88800000)
  object space 878336K, 95% used [0x332c0000,0x663f4ec0,0x68c80000)
 PSPermGen       total 16384K, used 4495K [0x2b2c0000, 0x2c2c0000, 0x332c0000)
  object space 16384K, 27% used [0x2b2c0000,0x2b723f38,0x2c2c0000)

Deoptimization events (10 events):
Event: 33.926 Thread 0x24c07800 Uncommon trap: reason=class_check action=maybe_recompile pc=0xb37dcef8 method=com.android.dx.dex.file.OffsettedItem.equals(Ljava/lang/Object;)Z @ 13
Event: 33.927 Thread 0x24c07800 Uncommon trap: reason=class_check action=maybe_recompile pc=0xb37dcef8 method=com.android.dx.dex.file.OffsettedItem.equals(Ljava/lang/Object;)Z @ 13
Event: 33.927 Thread 0x24c07800 Uncommon trap: reason=class_check action=maybe_recompile pc=0xb37dcef8 method=com.android.dx.dex.file.OffsettedItem.equals(Ljava/lang/Object;)Z @ 13
Event: 33.927 Thread 0x24c07800 Uncommon trap: reason=class_check action=maybe_recompile pc=0xb37dcef8 method=com.android.dx.dex.file.OffsettedItem.equals(Ljava/lang/Object;)Z @ 13
Event: 33.927 Thread 0x24c07800 Uncommon trap: reason=class_check action=maybe_recompile pc=0xb37baebc method=com.android.dx.dex.file.OffsettedItem.equals(Ljava/lang/Object;)Z @ 13
Event: 33.995 Thread 0x24c07800 Uncommon trap: reason=unreached action=reinterpret pc=0xb37a4170 method=com.android.dx.dex.file.MemberIdsSection.orderItems()V @ 44
Event: 34.245 Thread 0x24c4e800 Uncommon trap: reason=unreached action=reinterpret pc=0xb36a287c method=java.util.concurrent.locks.AbstractQueuedSynchronizer.hasQueuedPredecessors()Z @ 21
Event: 34.258 Thread 0x24c07800 Uncommon trap: reason=bimorphic action=maybe_recompile pc=0xb3842eb0 method=com.android.dx.dex.file.UniformItemSection.prepare0()V @ 40
Event: 34.261 Thread 0x24c07800 Uncommon trap: reason=bimorphic action=maybe_recompile pc=0xb3842eb0 method=com.android.dx.dex.file.UniformItemSection.prepare0()V @ 40
Event: 34.264 Thread 0x24c07800 Uncommon trap: reason=bimorphic action=maybe_recompile pc=0xb3842eb0 method=com.android.dx.dex.file.UniformItemSection.prepare0()V @ 40

Internal exceptions (10 events):
Event: 19.675 Thread 0x24c4e800 Implicit null exception at 0xb3528d05 to 0xb3529bc5
Event: 25.871 Thread 0x24c46c00 Threw 0x96e5d4a8 at /build/openjdk-7-OKGHM_/openjdk-7-7u79-2.5.6/build/openjdk/hotspot/src/share/vm/prims/jvm.cpp:1284
Event: 25.899 Thread 0x24c4d400 Threw 0x9767b028 at /build/openjdk-7-OKGHM_/openjdk-7-7u79-2.5.6/build/openjdk/hotspot/src/share/vm/prims/jvm.cpp:1284
Event: 32.143 Thread 0xb6407c00 Threw 0x8ec0e2a8 at /build/openjdk-7-OKGHM_/openjdk-7-7u79-2.5.6/build/openjdk/hotspot/src/share/vm/prims/jvm.cpp:1284
Event: 32.206 Thread 0x24c07800 Threw 0x8f0cf100 at /build/openjdk-7-OKGHM_/openjdk-7-7u79-2.5.6/build/openjdk/hotspot/src/share/vm/prims/jvm.cpp:1284
Event: 32.500 Thread 0x24c07800 Threw 0x978cd188 at /build/openjdk-7-OKGHM_/openjdk-7-7u79-2.5.6/build/openjdk/hotspot/src/share/vm/prims/jvm.cpp:1284
Event: 33.748 Thread 0x24c46c00 Implicit null exception at 0xb3475b57 to 0xb3475c33
Event: 33.995 Thread 0x24c07800 Implicit null exception at 0xb37a4080 to 0xb37a4155
Event: 33.996 Thread 0x24c07800 Threw 0x93914c10 at /build/openjdk-7-OKGHM_/openjdk-7-7u79-2.5.6/build/openjdk/hotspot/src/share/vm/prims/jvm.cpp:1284
Event: 34.245 Thread 0x24c4e800 Implicit null exception at 0xb36a11e1 to 0xb36a2871

Events (10 events):
Event: 34.258 Thread 0x24c07800 Uncommon trap: trap_request=0xffffffc6 fr.pc=0xb3842eb0
Event: 34.258 Thread 0x24c07800 DEOPT PACKING pc=0xb3842eb0 sp=0x246da980
Event: 34.258 Thread 0x24c07800 DEOPT UNPACKING pc=0xb33bbbc8 sp=0x246da994 mode 2
Event: 34.261 Thread 0x24c07800 Uncommon trap: trap_request=0xffffffc6 fr.pc=0xb3842eb0
Event: 34.261 Thread 0x24c07800 DEOPT PACKING pc=0xb3842eb0 sp=0x246da980
Event: 34.261 Thread 0x24c07800 DEOPT UNPACKING pc=0xb33bbbc8 sp=0x246da994 mode 2
Event: 34.264 Thread 0x24c07800 Uncommon trap: trap_request=0xffffffc6 fr.pc=0xb3842eb0
Event: 34.264 Thread 0x24c07800 DEOPT PACKING pc=0xb3842eb0 sp=0x246da980
Event: 34.264 Thread 0x24c07800 DEOPT UNPACKING pc=0xb33bbbc8 sp=0x246da994 mode 2
Event: 34.267 Executing VM operation: ParallelGCFailedAllocation


Dynamic libraries:
08048000-08049000 r-xp 00000000 08:01 4729858    /usr/lib/jvm/java-7-openjdk-i386/jre/bin/java
08049000-0804a000 r--p 00000000 08:01 4729858    /usr/lib/jvm/java-7-openjdk-i386/jre/bin/java
0804a000-0804b000 rw-p 00001000 08:01 4729858    /usr/lib/jvm/java-7-openjdk-i386/jre/bin/java
090d3000-09110000 rw-p 00000000 00:00 0          [heap]
21b00000-21cb4000 rw-p 00000000 00:00 0 
21cb4000-21d00000 ---p 00000000 00:00 0 
21d00000-21e00000 rw-p 00000000 00:00 0 
21f00000-21f9f000 rw-p 00000000 00:00 0 
21f9f000-22000000 ---p 00000000 00:00 0 
22100000-221fe000 rw-p 00000000 00:00 0 
221fe000-22200000 ---p 00000000 00:00 0 
22200000-22300000 rw-p 00000000 00:00 0 
22300000-223ee000 rw-p 00000000 00:00 0 
223ee000-22400000 ---p 00000000 00:00 0 
22500000-225fa000 rw-p 00000000 00:00 0 
225fa000-22600000 ---p 00000000 00:00 0 
22600000-226e9000 rw-p 00000000 00:00 0 
226e9000-22700000 ---p 00000000 00:00 0 
22700000-227fc000 rw-p 00000000 00:00 0 
227fc000-22800000 ---p 00000000 00:00 0 
22900000-229fb000 rw-p 00000000 00:00 0 
229fb000-22a00000 ---p 00000000 00:00 0 
22a00000-22afe000 rw-p 00000000 00:00 0 
22afe000-22b00000 ---p 00000000 00:00 0 
22b00000-22be2000 rw-p 00000000 00:00 0 
22be2000-22c00000 ---p 00000000 00:00 0 
22c00000-22cfe000 rw-p 00000000 00:00 0 
22cfe000-22d00000 ---p 00000000 00:00 0 
22d00000-22dfa000 rw-p 00000000 00:00 0 
22dfa000-22e00000 ---p 00000000 00:00 0 
22f00000-22ffd000 rw-p 00000000 00:00 0 
22ffd000-23000000 ---p 00000000 00:00 0 
23000000-230ff000 rw-p 00000000 00:00 0 
230ff000-23100000 ---p 00000000 00:00 0 
23100000-231f1000 rw-p 00000000 00:00 0 
231f1000-23200000 ---p 00000000 00:00 0 
23200000-232f9000 rw-p 00000000 00:00 0 
232f9000-23300000 ---p 00000000 00:00 0 
23300000-233fd000 rw-p 00000000 00:00 0 
233fd000-23400000 ---p 00000000 00:00 0 
23400000-234f9000 rw-p 00000000 00:00 0 
234f9000-23500000 ---p 00000000 00:00 0 
23500000-235fc000 rw-p 00000000 00:00 0 
235fc000-23600000 ---p 00000000 00:00 0 
23600000-23700000 rw-p 00000000 00:00 0 
23700000-237fe000 rw-p 00000000 00:00 0 
237fe000-23800000 ---p 00000000 00:00 0 
23800000-238ed000 rw-p 00000000 00:00 0 
238ed000-23900000 ---p 00000000 00:00 0 
23900000-239fe000 rw-p 00000000 00:00 0 
239fe000-23a00000 ---p 00000000 00:00 0 
23b00000-23bf8000 rw-p 00000000 00:00 0 
23bf8000-23c00000 ---p 00000000 00:00 0 
23d00000-23df4000 rw-p 00000000 00:00 0 
23df4000-23e00000 ---p 00000000 00:00 0 
23e00000-23efc000 rw-p 00000000 00:00 0 
23efc000-23f00000 ---p 00000000 00:00 0 
23f00000-23ff2000 rw-p 00000000 00:00 0 
23ff2000-24000000 ---p 00000000 00:00 0 
24100000-241fa000 rw-p 00000000 00:00 0 
241fa000-24200000 ---p 00000000 00:00 0 
24300000-243f9000 rw-p 00000000 00:00 0 
243f9000-24400000 ---p 00000000 00:00 0 
24400000-244ec000 rw-p 00000000 00:00 0 
244ec000-24500000 ---p 00000000 00:00 0 
24500000-245fd000 rw-p 00000000 00:00 0 
245fd000-24600000 ---p 00000000 00:00 0 
2468b000-2468e000 ---p 00000000 00:00 0 
2468e000-246dc000 rw-p 00000000 00:00 0 
246dc000-246df000 ---p 00000000 00:00 0 
246df000-2472d000 rw-p 00000000 00:00 0 
2472d000-24730000 ---p 00000000 00:00 0 
24730000-2477e000 rw-p 00000000 00:00 0 
2477e000-24781000 ---p 00000000 00:00 0 
24781000-247cf000 rw-p 00000000 00:00 0 
247cf000-247d2000 ---p 00000000 00:00 0 
247d2000-24820000 rw-p 00000000 00:00 0 
24820000-24823000 ---p 00000000 00:00 0 
24823000-24871000 rw-p 00000000 00:00 0 
24871000-248ab000 r-xp 00000000 08:01 2753512    /lib/i386-linux-gnu/libpcre.so.3.12.1
248ab000-248ac000 r--p 00039000 08:01 2753512    /lib/i386-linux-gnu/libpcre.so.3.12.1
248ac000-248ad000 rw-p 0003a000 08:01 2753512    /lib/i386-linux-gnu/libpcre.so.3.12.1
248ad000-249a4000 r-xp 00000000 08:01 2753464    /lib/i386-linux-gnu/libglib-2.0.so.0.3200.1
249a4000-249a5000 r--p 000f6000 08:01 2753464    /lib/i386-linux-gnu/libglib-2.0.so.0.3200.1
249a5000-249a6000 rw-p 000f7000 08:01 2753464    /lib/i386-linux-gnu/libglib-2.0.so.0.3200.1
249a6000-24af9000 r-xp 00000000 08:01 4723356    /usr/lib/i386-linux-gnu/libgio-2.0.so.0.3200.1
24af9000-24afa000 ---p 00153000 08:01 4723356    /usr/lib/i386-linux-gnu/libgio-2.0.so.0.3200.1
24afa000-24afc000 r--p 00153000 08:01 4723356    /usr/lib/i386-linux-gnu/libgio-2.0.so.0.3200.1
24afc000-24afd000 rw-p 00155000 08:01 4723356    /usr/lib/i386-linux-gnu/libgio-2.0.so.0.3200.1
24afd000-24afe000 rw-p 00000000 00:00 0 
24afe000-24b0f000 r-xp 00000000 08:01 4729795    /usr/lib/jvm/java-7-openjdk-i386/jre/lib/i386/libnio.so
24b0f000-24b10000 r--p 00010000 08:01 4729795    /usr/lib/jvm/java-7-openjdk-i386/jre/lib/i386/libnio.so
24b10000-24b11000 rw-p 00011000 08:01 4729795    /usr/lib/jvm/java-7-openjdk-i386/jre/lib/i386/libnio.so
24b11000-24c00000 r--s 00c5c000 08:01 2170127    /home/hungama/Android softwares/Android Studio workspace/MyPlayDriveV4.6/app/build/intermediates/transforms/jarMerging/spa/releasetest/jars/1/1f/combined.jar
24c00000-24cfc000 rw-p 00000000 00:00 0 
24cfc000-24d00000 ---p 00000000 00:00 0 
24d23000-24d36000 r-xp 00000000 08:01 2753523    /lib/i386-linux-gnu/libresolv-2.15.so
24d36000-24d37000 ---p 00013000 08:01 2753523    /lib/i386-linux-gnu/libresolv-2.15.so
24d37000-24d38000 r--p 00013000 08:01 2753523    /lib/i386-linux-gnu/libresolv-2.15.so
24d38000-24d39000 rw-p 00014000 08:01 2753523    /lib/i386-linux-gnu/libresolv-2.15.so
24d39000-24d3b000 rw-p 00000000 00:00 0 
24d3b000-24d88000 r-xp 00000000 08:01 4723380    /usr/lib/i386-linux-gnu/libgobject-2.0.so.0.3200.1
24d88000-24d89000 r--p 0004c000 08:01 4723380    /usr/lib/i386-linux-gnu/libgobject-2.0.so.0.3200.1
24d89000-24d8a000 rw-p 0004d000 08:01 4723380    /usr/lib/i386-linux-gnu/libgobject-2.0.so.0.3200.1
24d8a000-24d8b000 ---p 00000000 00:00 0 
24d8b000-24e0b000 rw-p 00000000 00:00 0 
24e0b000-24e0e000 ---p 00000000 00:00 0 
24e0e000-24e5c000 rw-p 00000000 00:00 0 
24e5c000-24e5f000 ---p 00000000 00:00 0 
24e5f000-24edd000 rw-p 00000000 00:00 0 
24edd000-24ee0000 ---p 00000000 00:00 0 
24ee0000-24f5e000 rw-p 00000000 00:00 0 
24f5e000-24f61000 ---p 00000000 00:00 0 
24f61000-24faf000 rw-p 00000000 00:00 0 
24faf000-251af000 r--p 00000000 08:01 4725822    /usr/lib/locale/locale-archive
251af000-251b2000 ---p 00000000 00:00 0 
251b2000-25200000 rw-p 00000000 00:00 0 
25200000-252fd000 rw-p 00000000 00:00 0 
252fd000-25300000 ---p 00000000 00:00 0 
25300000-25324000 rw-p 00000000 00:00 0 
25324000-25400000 ---p 00000000 00:00 0 
25400000-254fc000 rw-p 00000000 00:00 0 
254fc000-25500000 ---p 00000000 00:00 0 
25505000-25506000 ---p 00000000 00:00 0 
25506000-255cf000 rw-p 00000000 00:00 0 
255cf000-25780000 r--s 01d29000 08:01 4729604    /usr/lib/jvm/java-7-openjdk-i386/jre/lib/rt.jar
25780000-2a400000 rw-p 00000000 00:00 0 
2a400000-2a4fe000 rw-p 00000000 00:00 0 
2a4fe000-2a500000 ---p 00000000 00:00 0 
2a50f000-2a52c000 r-xp 00000000 08:01 2753527    /lib/i386-linux-gnu/libselinux.so.1
2a52c000-2a52d000 r--p 0001c000 08:01 2753527    /lib/i386-linux-gnu/libselinux.so.1
2a52d000-2a52e000 rw-p 0001d000 08:01 2753527    /lib/i386-linux-gnu/libselinux.so.1
2a52e000-2a531000 ---p 00000000 00:00 0 
2a531000-2a57f000 rw-p 00000000 00:00 0 
2a57f000-2a580000 ---p 00000000 00:00 0 
2a580000-2a600000 rw-p 00000000 00:00 0 
2a600000-2a655000 rw-p 00000000 00:00 0 
2a655000-2a700000 ---p 00000000 00:00 0 
2a724000-2a77f000 rw-p 00000000 00:00 0 
2a77f000-2a780000 ---p 00000000 00:00 0 
2a780000-2a800000 rw-p 00000000 00:00 0 
2a800000-2a84a000 rw-p 00000000 00:00 0 
2a84a000-2a900000 ---p 00000000 00:00 0 
2a906000-2a90b000 r-xp 00000000 08:01 4723319    /usr/lib/i386-linux-gnu/libffi.so.6.0.0
2a90b000-2a90c000 r--p 00004000 08:01 4723319    /usr/lib/i386-linux-gnu/libffi.so.6.0.0
2a90c000-2a90d000 rw-p 00005000 08:01 4723319    /usr/lib/i386-linux-gnu/libffi.so.6.0.0
2a90d000-2a924000 r-xp 00000000 08:01 4729790    /usr/lib/jvm/java-7-openjdk-i386/jre/lib/i386/libnet.so
2a924000-2a925000 r--p 00016000 08:01 4729790    /usr/lib/jvm/java-7-openjdk-i386/jre/lib/i386/libnet.so
2a925000-2a926000 rw-p 00017000 08:01 4729790    /usr/lib/jvm/java-7-openjdk-i386/jre/lib/i386/libnet.so
2a94c000-2a97f000 rw-p 00000000 00:00 0 
2a97f000-2a980000 ---p 00000000 00:00 0 
2a980000-2aa00000 rw-p 00000000 00:00 0 
2aa00000-2aa8a000 rw-p 00000000 00:00 0 
2aa8a000-2ab00000 ---p 00000000 00:00 0 
2ab04000-2ab13000 r--s 000df000 08:01 6032747    /home/hungama/Android/Sdk/build-tools/23.0.1/lib/dx.jar
2ab13000-2ab14000 ---p 00000000 00:00 0 
2ab14000-2ab9c000 rw-p 00000000 00:00 0 
2ab9c000-2abd4000 rw-p 00000000 00:00 0 
2abd4000-2ad81000 rw-p 00000000 00:00 0 
2ad81000-2ae7f000 rw-p 00000000 00:00 0 
2ae7f000-2ae87000 rw-p 00000000 00:00 0 
2ae87000-2aebf000 rw-p 00000000 00:00 0 
2aebf000-2b06c000 rw-p 00000000 00:00 0 
2b06c000-2b169000 rw-p 00000000 00:00 0 
2b169000-2b2bf000 rw-p 00000000 00:00 0 
2b2bf000-2c2c0000 rw-p 00000000 00:00 0 
2c2c0000-332c0000 rw-p 00000000 00:00 0 
332c0000-68c80000 rw-p 00000000 00:00 0 
77e80000-88800000 rw-p 00000000 00:00 0 
88800000-b32c0000 rw-p 00000000 00:00 0 
b32c5000-b32c8000 r-xp 00000000 08:01 4723366    /usr/lib/i386-linux-gnu/libgmodule-2.0.so.0.3200.1
b32c8000-b32c9000 r--p 00002000 08:01 4723366    /usr/lib/i386-linux-gnu/libgmodule-2.0.so.0.3200.1
b32c9000-b32ca000 rw-p 00003000 08:01 4723366    /usr/lib/i386-linux-gnu/libgmodule-2.0.so.0.3200.1
b32ca000-b32cb000 r--s 00002000 08:01 4729807    /usr/lib/jvm/java-7-openjdk-i386/jre/lib/ext/dnsns.jar
b32cb000-b32cf000 r--s 0003c000 08:01 4729810    /usr/lib/jvm/java-7-openjdk-i386/jre/lib/ext/sunpkcs11.jar
b32cf000-b32e2000 rw-p 00000000 00:00 0 
b32e2000-b338f000 rw-p 00000000 00:00 0 
b338f000-b384f000 rwxp 00000000 00:00 0 
b384f000-b638f000 rw-p 00000000 00:00 0 
b638f000-b639a000 r-xp 00000000 08:01 2753490    /lib/i386-linux-gnu/libnss_files-2.15.so
b639a000-b639b000 r--p 0000a000 08:01 2753490    /lib/i386-linux-gnu/libnss_files-2.15.so
b639b000-b639c000 rw-p 0000b000 08:01 2753490    /lib/i386-linux-gnu/libnss_files-2.15.so
b639c000-b63a6000 r-xp 00000000 08:01 2753494    /lib/i386-linux-gnu/libnss_nis-2.15.so
b63a6000-b63a7000 r--p 00009000 08:01 2753494    /lib/i386-linux-gnu/libnss_nis-2.15.so
b63a7000-b63a8000 rw-p 0000a000 08:01 2753494    /lib/i386-linux-gnu/libnss_nis-2.15.so
b63a8000-b63be000 r-xp 00000000 08:01 2753484    /lib/i386-linux-gnu/libnsl-2.15.so
b63be000-b63bf000 r--p 00015000 08:01 2753484    /lib/i386-linux-gnu/libnsl-2.15.so
b63bf000-b63c0000 rw-p 00016000 08:01 2753484    /lib/i386-linux-gnu/libnsl-2.15.so
b63c0000-b63c2000 rw-p 00000000 00:00 0 
b63c2000-b63c6000 r--s 00034000 08:01 4729808    /usr/lib/jvm/java-7-openjdk-i386/jre/lib/ext/sunjce_provider.jar
b63c6000-b63ca000 r--s 00085000 08:01 4729806    /usr/lib/jvm/java-7-openjdk-i386/jre/lib/ext/localedata.jar
b63ca000-b63cd000 r--s 0000f000 08:01 4729811    /usr/lib/jvm/java-7-openjdk-i386/jre/lib/ext/icedtea-sound.jar
b63cd000-b63d5000 r-xp 00000000 08:01 4729761    /usr/lib/jvm/java-7-openjdk-i386/jre/lib/i386/libzip.so
b63d5000-b63d6000 r--p 00007000 08:01 4729761    /usr/lib/jvm/java-7-openjdk-i386/jre/lib/i386/libzip.so
b63d6000-b63d7000 rw-p 00008000 08:01 4729761    /usr/lib/jvm/java-7-openjdk-i386/jre/lib/i386/libzip.so
b63d7000-b63fe000 r-xp 00000000 08:01 4729800    /usr/lib/jvm/java-7-openjdk-i386/jre/lib/i386/libjava.so
b63fe000-b63ff000 r--p 00026000 08:01 4729800    /usr/lib/jvm/java-7-openjdk-i386/jre/lib/i386/libjava.so
b63ff000-b6400000 rw-p 00027000 08:01 4729800    /usr/lib/jvm/java-7-openjdk-i386/jre/lib/i386/libjava.so
b6400000-b6500000 rw-p 00000000 00:00 0 
b6501000-b6509000 rw-s 00000000 08:01 4615406    /tmp/hsperfdata_hungama/11062
b6509000-b6510000 r-xp 00000000 08:01 2753486    /lib/i386-linux-gnu/libnss_compat-2.15.so
b6510000-b6511000 r--p 00006000 08:01 2753486    /lib/i386-linux-gnu/libnss_compat-2.15.so
b6511000-b6512000 rw-p 00007000 08:01 2753486    /lib/i386-linux-gnu/libnss_compat-2.15.so
b6512000-b6519000 r-xp 00000000 08:01 2753525    /lib/i386-linux-gnu/librt-2.15.so
b6519000-b651a000 r--p 00006000 08:01 2753525    /lib/i386-linux-gnu/librt-2.15.so
b651a000-b651b000 rw-p 00007000 08:01 2753525    /lib/i386-linux-gnu/librt-2.15.so
b651b000-b651e000 ---p 00000000 00:00 0 
b651e000-b656c000 rw-p 00000000 00:00 0 
b656c000-b6588000 r-xp 00000000 08:01 2753460    /lib/i386-linux-gnu/libgcc_s.so.1
b6588000-b6589000 r--p 0001b000 08:01 2753460    /lib/i386-linux-gnu/libgcc_s.so.1
b6589000-b658a000 rw-p 0001c000 08:01 2753460    /lib/i386-linux-gnu/libgcc_s.so.1
b658a000-b65b4000 r-xp 00000000 08:01 2753471    /lib/i386-linux-gnu/libm-2.15.so
b65b4000-b65b5000 r--p 00029000 08:01 2753471    /lib/i386-linux-gnu/libm-2.15.so
b65b5000-b65b6000 rw-p 0002a000 08:01 2753471    /lib/i386-linux-gnu/libm-2.15.so
b65b6000-b668e000 r-xp 00000000 08:01 4723661    /usr/lib/i386-linux-gnu/libstdc++.so.6.0.16
b668e000-b668f000 ---p 000d8000 08:01 4723661    /usr/lib/i386-linux-gnu/libstdc++.so.6.0.16
b668f000-b6693000 r--p 000d8000 08:01 4723661    /usr/lib/i386-linux-gnu/libstdc++.so.6.0.16
b6693000-b6694000 rw-p 000dc000 08:01 4723661    /usr/lib/i386-linux-gnu/libstdc++.so.6.0.16
b6694000-b669b000 rw-p 00000000 00:00 0 
b669b000-b705e000 r-xp 00000000 08:01 4729768    /usr/lib/jvm/java-7-openjdk-i386/jre/lib/i386/server/libjvm.so
b705e000-b70b3000 r--p 009c3000 08:01 4729768    /usr/lib/jvm/java-7-openjdk-i386/jre/lib/i386/server/libjvm.so
b70b3000-b70c7000 rw-p 00a18000 08:01 4729768    /usr/lib/jvm/java-7-openjdk-i386/jre/lib/i386/server/libjvm.so
b70c7000-b74e5000 rw-p 00000000 00:00 0 
b74e5000-b74f9000 r-xp 00000000 08:01 2753550    /lib/i386-linux-gnu/libz.so.1.2.3.4
b74f9000-b74fa000 r--p 00013000 08:01 2753550    /lib/i386-linux-gnu/libz.so.1.2.3.4
b74fa000-b74fb000 rw-p 00014000 08:01 2753550    /lib/i386-linux-gnu/libz.so.1.2.3.4
b74fb000-b7512000 r-xp 00000000 08:01 2753519    /lib/i386-linux-gnu/libpthread-2.15.so
b7512000-b7513000 r--p 00016000 08:01 2753519    /lib/i386-linux-gnu/libpthread-2.15.so
b7513000-b7514000 rw-p 00017000 08:01 2753519    /lib/i386-linux-gnu/libpthread-2.15.so
b7514000-b7516000 rw-p 00000000 00:00 0 
b7516000-b7519000 r-xp 00000000 08:01 2753452    /lib/i386-linux-gnu/libdl-2.15.so
b7519000-b751a000 r--p 00002000 08:01 2753452    /lib/i386-linux-gnu/libdl-2.15.so
b751a000-b751b000 rw-p 00003000 08:01 2753452    /lib/i386-linux-gnu/libdl-2.15.so
b751b000-b76ba000 r-xp 00000000 08:01 2753439    /lib/i386-linux-gnu/libc-2.15.so
b76ba000-b76bc000 r--p 0019f000 08:01 2753439    /lib/i386-linux-gnu/libc-2.15.so
b76bc000-b76bd000 rw-p 001a1000 08:01 2753439    /lib/i386-linux-gnu/libc-2.15.so
b76bd000-b76c0000 rw-p 00000000 00:00 0 
b76c1000-b76c2000 r--s 00007000 08:01 4989124    /usr/share/java/java-atk-wrapper.jar
b76c2000-b76c4000 r--s 00012000 08:01 4729812    /usr/lib/jvm/java-7-openjdk-i386/jre/lib/ext/zipfs.jar
b76c4000-b76c5000 r--p 005db000 08:01 4725822    /usr/lib/locale/locale-archive
b76c5000-b76c6000 rw-p 00000000 00:00 0 
b76c6000-b76c7000 ---p 00000000 00:00 0 
b76c7000-b76d3000 r-xp 00000000 08:01 4729780    /usr/lib/jvm/java-7-openjdk-i386/jre/lib/i386/libverify.so
b76d3000-b76d4000 r--p 0000b000 08:01 4729780    /usr/lib/jvm/java-7-openjdk-i386/jre/lib/i386/libverify.so
b76d4000-b76d5000 rw-p 0000c000 08:01 4729780    /usr/lib/jvm/java-7-openjdk-i386/jre/lib/i386/libverify.so
b76d5000-b76e2000 r-xp 00000000 08:01 4729765    /usr/lib/jvm/java-7-openjdk-i386/jre/lib/i386/jli/libjli.so
b76e2000-b76e3000 r--p 0000c000 08:01 4729765    /usr/lib/jvm/java-7-openjdk-i386/jre/lib/i386/jli/libjli.so
b76e3000-b76e4000 rw-p 0000d000 08:01 4729765    /usr/lib/jvm/java-7-openjdk-i386/jre/lib/i386/jli/libjli.so
b76e4000-b76e7000 rw-p 00000000 00:00 0 
b76e7000-b76e8000 r-xp 00000000 00:00 0          [vdso]
b76e8000-b7708000 r-xp 00000000 08:01 2753419    /lib/i386-linux-gnu/ld-2.15.so
b7708000-b7709000 r--p 0001f000 08:01 2753419    /lib/i386-linux-gnu/ld-2.15.so
b7709000-b770a000 rw-p 00020000 08:01 2753419    /lib/i386-linux-gnu/ld-2.15.so
bf847000-bf848000 rwxp 00000000 00:00 0 
bf87a000-bf89b000 rw-p 00000000 00:00 0          [stack]

VM Arguments:
jvm_args: -Djava.awt.headless=true -Xmx2048M -Dfile.encoding=UTF-8 -Duser.country=IN -Duser.language=en -Duser.variant 
java_command: com.android.dx.command.Main --dex --num-threads=4 --multi-dex --main-dex-list /home/hungama/Android softwares/Android Studio workspace/MyPlayDriveV4.6/app/build/intermediates/multi-dex/spa/releasetest/maindexlist.txt --output /home/hungama/Android softwares/Android Studio workspace/MyPlayDriveV4.6/app/build/intermediates/transforms/dex/spa/releasetest/folders/1000/1f/main /home/hungama/Android softwares/Android Studio workspace/MyPlayDriveV4.6/app/build/intermediates/transforms/jarMerging/spa/releasetest/jars/1/1f/combined.jar
Launcher Type: SUN_STANDARD

Environment Variables:
JAVA_HOME=/usr/lib/jvm/java-1.7.0-openjdk-i386
PATH=/usr/lib/lightdm/lightdm:/usr/local/sbin:/usr/local/bin:/usr/sbin:/usr/bin:/sbin:/bin:/usr/games
LD_LIBRARY_PATH=/home/hungama/Android softwares/android-studio_1.4/bin:
SHELL=/bin/bash
DISPLAY=:0.0

Signal Handlers:
SIGSEGV: [libjvm.so+0x80b960], sa_mask[0]=0x7ffbfeff, sa_flags=0x10000004
SIGBUS: [libjvm.so+0x80b960], sa_mask[0]=0x7ffbfeff, sa_flags=0x10000004
SIGFPE: [libjvm.so+0x6756b0], sa_mask[0]=0x7ffbfeff, sa_flags=0x10000004
SIGPIPE: [libjvm.so+0x6756b0], sa_mask[0]=0x7ffbfeff, sa_flags=0x10000004
SIGXFSZ: [libjvm.so+0x6756b0], sa_mask[0]=0x7ffbfeff, sa_flags=0x10000004
SIGILL: [libjvm.so+0x6756b0], sa_mask[0]=0x7ffbfeff, sa_flags=0x10000004
SIGUSR1: SIG_DFL, sa_mask[0]=0x00000000, sa_flags=0x00000000
SIGUSR2: [libjvm.so+0x675990], sa_mask[0]=0x00000004, sa_flags=0x10000004
SIGHUP: [libjvm.so+0x675b50], sa_mask[0]=0x7ffbfeff, sa_flags=0x10000004
SIGINT: [libjvm.so+0x675b50], sa_mask[0]=0x7ffbfeff, sa_flags=0x10000004
SIGTERM: [libjvm.so+0x675b50], sa_mask[0]=0x7ffbfeff, sa_flags=0x10000004
SIGQUIT: [libjvm.so+0x675b50], sa_mask[0]=0x7ffbfeff, sa_flags=0x10000004
SIGTRAP: SIG_DFL, sa_mask[0]=0x00000000, sa_flags=0x00000000


---------------  S Y S T E M  ---------------

OS:Ubuntu 12.04 (precise)
uname:Linux 3.2.0-23-generic-pae #36-Ubuntu SMP Tue Apr 10 22:19:09 UTC 2012 i686
libc:glibc 2.15 NPTL 2.15 
rlimit: STACK 8192k, CORE 0k, NPROC 62330, NOFILE 4096, AS infinity
load average:5.00 3.22 2.39

/proc/meminfo:
MemTotal:        7992872 kB
MemFree:          411268 kB
Buffers:           29104 kB
Cached:           261196 kB
SwapCached:            0 kB
Active:          7102164 kB
Inactive:         212244 kB
Active(anon):    7025640 kB
Inactive(anon):   134168 kB
Active(file):      76524 kB
Inactive(file):    78076 kB
Unevictable:         140 kB
Mlocked:             140 kB
HighTotal:       7195144 kB
HighFree:         106684 kB
LowTotal:         797728 kB
LowFree:          304584 kB
SwapTotal:             0 kB
SwapFree:              0 kB
Dirty:             16448 kB
Writeback:             0 kB
AnonPages:       7024492 kB
Mapped:           187836 kB
Shmem:            135636 kB
Slab:              65880 kB
SReclaimable:      39684 kB
SUnreclaim:        26196 kB
KernelStack:        5808 kB
PageTables:        28768 kB
NFS_Unstable:          0 kB
Bounce:                0 kB
WritebackTmp:          0 kB
CommitLimit:     3996436 kB
Committed_AS:   12684048 kB
VmallocTotal:     122880 kB
VmallocUsed:       16432 kB
VmallocChunk:      97584 kB
HardwareCorrupted:     0 kB
AnonHugePages:         0 kB
HugePages_Total:       0
HugePages_Free:        0
HugePages_Rsvd:        0
HugePages_Surp:        0
Hugepagesize:       2048 kB
DirectMap4k:        8184 kB
DirectMap2M:      905216 kB


CPU:total 4 (4 cores per cpu, 1 threads per core) family 21 model 2 stepping 0, cmov, cx8, fxsr, mmx, sse, sse2, sse3, ssse3, sse4.1, sse4.2, popcnt, avx, aes, mmxext, 3dnowpref, lzcnt, sse4a, tsc, tscinvbit, tscinv

/proc/cpuinfo:
processor	: 0
vendor_id	: AuthenticAMD
cpu family	: 21
model		: 2
model name	: AMD FX(tm)-4300 Quad-Core Processor            
stepping	: 0
microcode	: 0x600081c
cpu MHz		: 1400.000
cache size	: 2048 KB
physical id	: 0
siblings	: 4
core id		: 0
cpu cores	: 2
apicid		: 0
initial apicid	: 0
fdiv_bug	: no
hlt_bug		: no
f00f_bug	: no
coma_bug	: no
fpu		: yes
fpu_exception	: yes
cpuid level	: 13
wp		: yes
flags		: fpu vme de pse tsc msr pae mce cx8 apic sep mtrr pge mca cmov pat pse36 clflush mmx fxsr sse sse2 ht syscall nx mmxext fxsr_opt pdpe1gb rdtscp lm constant_tsc nonstop_tsc extd_apicid aperfmperf pni pclmulqdq monitor ssse3 fma cx16 sse4_1 sse4_2 popcnt aes xsave avx f16c lahf_lm cmp_legacy svm extapic cr8_legacy abm sse4a misalignsse 3dnowprefetch osvw ibs xop skinit wdt lwp fma4 tce nodeid_msr tbm topoext perfctr_core arat cpb npt lbrv svm_lock nrip_save tsc_scale vmcb_clean flushbyasid decodeassists pausefilter pfthreshold bmi1
bogomips	: 7634.48
clflush size	: 64
cache_alignment	: 64
address sizes	: 48 bits physical, 48 bits virtual
power management: ts ttp tm 100mhzsteps hwpstate cpb eff_freq_ro

processor	: 1
vendor_id	: AuthenticAMD
cpu family	: 21
model		: 2
model name	: AMD FX(tm)-4300 Quad-Core Processor            
stepping	: 0
microcode	: 0x600081c
cpu MHz		: 1400.000
cache size	: 2048 KB
physical id	: 0
siblings	: 4
core id		: 1
cpu cores	: 2
apicid		: 1
initial apicid	: 1
fdiv_bug	: no
hlt_bug		: no
f00f_bug	: no
coma_bug	: no
fpu		: yes
fpu_exception	: yes
cpuid level	: 13
wp		: yes
flags		: fpu vme de pse tsc msr pae mce cx8 apic sep mtrr pge mca cmov pat pse36 clflush mmx fxsr sse sse2 ht syscall nx mmxext fxsr_opt pdpe1gb rdtscp lm constant_tsc nonstop_tsc extd_apicid aperfmperf pni pclmulqdq monitor ssse3 fma cx16 sse4_1 sse4_2 popcnt aes xsave avx f16c lahf_lm cmp_legacy svm extapic cr8_legacy abm sse4a misalignsse 3dnowprefetch osvw ibs xop skinit wdt lwp fma4 tce nodeid_msr tbm topoext perfctr_core arat cpb npt lbrv svm_lock nrip_save tsc_scale vmcb_clean flushbyasid decodeassists pausefilter pfthreshold bmi1
bogomips	: 7634.10
clflush size	: 64
cache_alignment	: 64
address sizes	: 48 bits physical, 48 bits virtual
power management: ts ttp tm 100mhzsteps hwpstate cpb eff_freq_ro

processor	: 2
vendor_id	: AuthenticAMD
cpu family	: 21
model		: 2
model name	: AMD FX(tm)-4300 Quad-Core Processor            
stepping	: 0
microcode	: 0x600081c
cpu MHz		: 1400.000
cache size	: 2048 KB
physical id	: 0
siblings	: 4
core id		: 2
cpu cores	: 2
apicid		: 2
initial apicid	: 2
fdiv_bug	: no
hlt_bug		: no
f00f_bug	: no
coma_bug	: no
fpu		: yes
fpu_exception	: yes
cpuid level	: 13
wp		: yes
flags		: fpu vme de pse tsc msr pae mce cx8 apic sep mtrr pge mca cmov pat pse36 clflush mmx fxsr sse sse2 ht syscall nx mmxext fxsr_opt pdpe1gb rdtscp lm constant_tsc nonstop_tsc extd_apicid aperfmperf pni pclmulqdq monitor ssse3 fma cx16 sse4_1 sse4_2 popcnt aes xsave avx f16c lahf_lm cmp_legacy svm extapic cr8_legacy abm sse4a misalignsse 3dnowprefetch osvw ibs xop skinit wdt lwp fma4 tce nodeid_msr tbm topoext perfctr_core arat cpb npt lbrv svm_lock nrip_save tsc_scale vmcb_clean flushbyasid decodeassists pausefilter pfthreshold bmi1
bogomips	: 7634.15
clflush size	: 64
cache_alignment	: 64
address sizes	: 48 bits physical, 48 bits virtual
power management: ts ttp tm 100mhzsteps hwpstate cpb eff_freq_ro

processor	: 3
vendor_id	: AuthenticAMD
cpu family	: 21
model		: 2
model name	: AMD FX(tm)-4300 Quad-Core Processor            
stepping	: 0
microcode	: 0x600081c
cpu MHz		: 1400.000
cache size	: 2048 KB
physical id	: 0
siblings	: 4
core id		: 3
cpu cores	: 2
apicid		: 3
initial apicid	: 3
fdiv_bug	: no
hlt_bug		: no
f00f_bug	: no
coma_bug	: no
fpu		: yes
fpu_exception	: yes
cpuid level	: 13
wp		: yes
flags		: fpu vme de pse tsc msr pae mce cx8 apic sep mtrr pge mca cmov pat pse36 clflush mmx fxsr sse sse2 ht syscall nx mmxext fxsr_opt pdpe1gb rdtscp lm constant_tsc nonstop_tsc extd_apicid aperfmperf pni pclmulqdq monitor ssse3 fma cx16 sse4_1 sse4_2 popcnt aes xsave avx f16c lahf_lm cmp_legacy svm extapic cr8_legacy abm sse4a misalignsse 3dnowprefetch osvw ibs xop skinit wdt lwp fma4 tce nodeid_msr tbm topoext perfctr_core arat cpb npt lbrv svm_lock nrip_save tsc_scale vmcb_clean flushbyasid decodeassists pausefilter pfthreshold bmi1
bogomips	: 7634.14
clflush size	: 64
cache_alignment	: 64
address sizes	: 48 bits physical, 48 bits virtual
power management: ts ttp tm 100mhzsteps hwpstate cpb eff_freq_ro



Memory: 4k page, physical 7992872k(411268k free), swap 0k(0k free)

vm_info: OpenJDK Server VM (24.79-b02) for linux-x86 JRE (1.7.0_79-b14), built on Jul 24 2015 08:22:28 by "buildd" with gcc 4.6.3

time: Mon May 23 12:23:25 2016
elapsed time: 38 seconds

