#
# There is insufficient memory for the Java Runtime Environment to continue.
# Native memory allocation (malloc) failed to allocate 262144000 bytes for committing reserved memory.
# Possible reasons:
#   The system is out of physical RAM or swap space
#   In 32 bit mode, the process size limit was hit
# Possible solutions:
#   Reduce memory load on the system
#   Increase physical memory or swap space
#   Check if swap backing store is full
#   Use 64 bit Java on a 64 bit OS
#   Decrease Java heap size (-Xmx/-Xms)
#   Decrease number of Java threads
#   Decrease Java thread stack sizes (-Xss)
#   Set larger code cache with -XX:ReservedCodeCacheSize=
# This output file may be truncated or incomplete.
#
#  Out of Memory Error (os_linux.cpp:2809), pid=9869, tid=627596096
#
# JRE version: OpenJDK Runtime Environment (7.0_79-b14) (build 1.7.0_79-b14)
# Java VM: OpenJDK Server VM (24.79-b02 mixed mode linux-x86 )
# Derivative: IcedTea 2.5.6
# Distribution: Ubuntu 12.04 LTS, package 7u79-2.5.6-0ubuntu1.12.04.1
# Failed to write core dump. Core dumps have been disabled. To enable core dumping, try "ulimit -c unlimited" before starting Java again
#

---------------  T H R E A D  ---------------

Current thread (0x25580800):  VMThread [stack: 0x25605000,0x25686000] [id=9878]

Stack: [0x25605000,0x25686000]
[error occurred during error reporting (printing stack bounds), id 0xb]

VM_Operation (0xb6611b88): ParallelGCFailedAllocation, mode: safepoint, requested by thread 0xb6407c00


---------------  P R O C E S S  ---------------

Java Threads: ( => current thread )
  0x24df7800 JavaThread "pool-1-thread-1" [_thread_blocked, id=9895, stack(0x24767000,0x247b8000)]
  0x24d6e400 JavaThread "pool-2-thread-4" [_thread_blocked, id=9890, stack(0x247b8000,0x24809000)]
  0x24d6d400 JavaThread "pool-2-thread-3" [_thread_blocked, id=9889, stack(0x24809000,0x2485a000)]
  0x24d6bc00 JavaThread "pool-2-thread-2" [_thread_blocked, id=9888, stack(0x2485a000,0x248ab000)]
  0x24d5f000 JavaThread "pool-3-thread-1" [_thread_blocked, id=9887, stack(0x248ab000,0x248fc000)]
  0x24d5e000 JavaThread "pool-2-thread-1" [_thread_blocked, id=9886, stack(0x248fc000,0x2494d000)]
  0x2559c800 JavaThread "Service Thread" daemon [_thread_blocked, id=9884, stack(0x24f0b000,0x24f5c000)]
  0x2559ac00 JavaThread "C2 CompilerThread1" daemon [_thread_blocked, id=9883, stack(0x24f5c000,0x24fdd000)]
  0x25598c00 JavaThread "C2 CompilerThread0" daemon [_thread_blocked, id=9882, stack(0x24fdd000,0x2505e000)]
  0x25597400 JavaThread "Signal Dispatcher" daemon [_thread_blocked, id=9881, stack(0x2505e000,0x250af000)]
  0x25584800 JavaThread "Finalizer" daemon [_thread_blocked, id=9880, stack(0x252af000,0x25300000)]
  0x25583000 JavaThread "Reference Handler" daemon [_thread_blocked, id=9879, stack(0x2a62e000,0x2a67f000)]
  0xb6407c00 JavaThread "main" [_thread_blocked, id=9873, stack(0xb65c2000,0xb6613000)]

Other Threads:
=>0x25580800 VMThread [stack: 0x25605000,0x25686000] [id=9878]
  0x2559ec00 WatcherThread [stack: 0x24e8a000,0x24f0b000] [id=9885]

VM state:at safepoint (normal execution)

VM Mutex/Monitor currently owned by a thread:  ([mutex/lock_event])
[0xb6404f30] ExpandHeap_lock - owner thread: 0x25580800
[0xb6405478] Threads_lock - owner thread: 0x25580800
[0xb6405888] Heap_lock - owner thread: 0xb6407c00

Heap
 PSYoungGen      total 334848K, used 0K [0x88880000, 0xb2840000, 0xb3340000)
  eden space 233216K, 0% used [0x88880000,0x88880000,0x96c40000)
  from space 101632K, 0% used [0x96c40000,0x96c40000,0x9cf80000)
  to   space 227328K, 0% used [0xa4a40000,0xa4a40000,0xb2840000)
 ParOldGen       total 989184K, used 959953K [0x33340000, 0x6f940000, 0x88880000)
  object space 989184K, 97% used [0x33340000,0x6dcb4598,0x6f940000)
 PSPermGen       total 16384K, used 4579K [0x2b340000, 0x2c340000, 0x33340000)
  object space 16384K, 27% used [0x2b340000,0x2b7b8d70,0x2c340000)

Card table byte_map: [0x2aeff000,0x2b340000] byte_map_base: 0x2ada5600

Polling page: 0xb776d000

Code Cache  [0xb3400000, 0xb3910000, 0xb6400000)
 total_blobs=1638 nmethods=1516 adapters=76 free_code_cache=44036Kb largest_free_block=45052416

Compilation events (10 events):
Event: 31.772 Thread 0x2559ac00 1575             com.android.dx.dex.code.InsnFormat::unsignedFitsInShort (14 bytes)
Event: 31.772 Thread 0x2559ac00 nmethod 1575 0xb38f7208 code [0xb38f72e0, 0xb38f7330]
Event: 31.772 Thread 0x2559ac00 1576             com.android.dx.dex.code.CstInsn::getIndex (42 bytes)
Event: 31.772 Thread 0x2559ac00 nmethod 1576 0xb38f7048 code [0xb38f7140, 0xb38f7190]
Event: 31.784 Thread 0x25598c00 1577             com.android.dx.dex.code.CstInsn::setClassIndex (37 bytes)
Event: 31.785 Thread 0x25598c00 nmethod 1577 0xb38fcd88 code [0xb38fce80, 0xb38fcef0]
Event: 31.787 Thread 0x2559ac00 1578             com.android.dx.dex.code.OutputFinisher::calculateReservedCount (122 bytes)
Event: 31.802 Thread 0x2559ac00 nmethod 1578 0xb38fb608 code [0xb38fb7c0, 0xb38fbe98]
Event: 31.806 Thread 0x25598c00 1579             com.android.dx.dex.code.InsnFormat::unsignedFitsInByte (15 bytes)
Event: 31.807 Thread 0x25598c00 nmethod 1579 0xb38fb488 code [0xb38fb560, 0xb38fb5b0]

GC Heap History (10 events):
Event: 29.293 GC heap after
Heap after GC invocations=37 (full 8):
 PSYoungGen      total 461824K, used 112754K [0x88880000, 0xb2080000, 0xb3340000)
  eden space 245248K, 0% used [0x88880000,0x88880000,0x97800000)
  from space 216576K, 52% used [0x97800000,0x9e61c9f0,0xa4b80000)
  to   space 212992K, 0% used [0xa5080000,0xa5080000,0xb2080000)
 ParOldGen       total 989184K, used 746018K [0x33340000, 0x6f940000, 0x88880000)
  object space 989184K, 75% used [0x33340000,0x60bc8a58,0x6f940000)
 PSPermGen       total 16384K, used 4414K [0x2b340000, 0x2c340000, 0x33340000)
  object space 16384K, 26% used [0x2b340000,0x2b78fbc0,0x2c340000)
}
Event: 29.808 GC heap before
{Heap before GC invocations=38 (full 8):
 PSYoungGen      total 461824K, used 358002K [0x88880000, 0xb2080000, 0xb3340000)
  eden space 245248K, 100% used [0x88880000,0x97800000,0x97800000)
  from space 216576K, 52% used [0x97800000,0x9e61c9f0,0xa4b80000)
  to   space 212992K, 0% used [0xa5080000,0xa5080000,0xb2080000)
 ParOldGen       total 989184K, used 746018K [0x33340000, 0x6f940000, 0x88880000)
  object space 989184K, 75% used [0x33340000,0x60bc8a58,0x6f940000)
 PSPermGen       total 16384K, used 4484K [0x2b340000, 0x2c340000, 0x33340000)
  object space 16384K, 27% used [0x2b340000,0x2b7a1368,0x2c340000)
Event: 30.027 GC heap after
Heap after GC invocations=38 (full 8):
 PSYoungGen      total 458496K, used 146085K [0x88880000, 0xb3340000, 0xb3340000)
  eden space 245504K, 0% used [0x88880000,0x88880000,0x97840000)
  from space 212992K, 68% used [0xa5080000,0xadf29460,0xb2080000)
  to   space 221440K, 0% used [0x97840000,0x97840000,0xa5080000)
 ParOldGen       total 989184K, used 746018K [0x33340000, 0x6f940000, 0x88880000)
  object space 989184K, 75% used [0x33340000,0x60bc8a58,0x6f940000)
 PSPermGen       total 16384K, used 4484K [0x2b340000, 0x2c340000, 0x33340000)
  object space 16384K, 27% used [0x2b340000,0x2b7a1368,0x2c340000)
}
Event: 30.423 GC heap before
{Heap before GC invocations=39 (full 8):
 PSYoungGen      total 458496K, used 391589K [0x88880000, 0xb3340000, 0xb3340000)
  eden space 245504K, 100% used [0x88880000,0x97840000,0x97840000)
  from space 212992K, 68% used [0xa5080000,0xadf29460,0xb2080000)
  to   space 221440K, 0% used [0x97840000,0x97840000,0xa5080000)
 ParOldGen       total 989184K, used 746018K [0x33340000, 0x6f940000, 0x88880000)
  object space 989184K, 75% used [0x33340000,0x60bc8a58,0x6f940000)
 PSPermGen       total 16384K, used 4491K [0x2b340000, 0x2c340000, 0x33340000)
  object space 16384K, 27% used [0x2b340000,0x2b7a2e20,0x2c340000)
Event: 30.633 GC heap after
Heap after GC invocations=39 (full 8):
 PSYoungGen      total 426240K, used 180482K [0x88880000, 0xb3340000, 0xb3340000)
  eden space 245504K, 0% used [0x88880000,0x88880000,0x97840000)
  from space 180736K, 99% used [0x97840000,0xa2880918,0xa28c0000)
  to   space 232960K, 0% used [0xa4fc0000,0xa4fc0000,0xb3340000)
 ParOldGen       total 989184K, used 746018K [0x33340000, 0x6f940000, 0x88880000)
  object space 989184K, 75% used [0x33340000,0x60bc8a58,0x6f940000)
 PSPermGen       total 16384K, used 4491K [0x2b340000, 0x2c340000, 0x33340000)
  object space 16384K, 27% used [0x2b340000,0x2b7a2e20,0x2c340000)
}
Event: 31.049 GC heap before
{Heap before GC invocations=40 (full 8):
 PSYoungGen      total 426240K, used 425986K [0x88880000, 0xb3340000, 0xb3340000)
  eden space 245504K, 100% used [0x88880000,0x97840000,0x97840000)
  from space 180736K, 99% used [0x97840000,0xa2880918,0xa28c0000)
  to   space 232960K, 0% used [0xa4fc0000,0xa4fc0000,0xb3340000)
 ParOldGen       total 989184K, used 746018K [0x33340000, 0x6f940000, 0x88880000)
  object space 989184K, 75% used [0x33340000,0x60bc8a58,0x6f940000)
 PSPermGen       total 16384K, used 4495K [0x2b340000, 0x2c340000, 0x33340000)
  object space 16384K, 27% used [0x2b340000,0x2b7a3c30,0x2c340000)
Event: 31.390 GC heap after
Heap after GC invocations=40 (full 8):
 PSYoungGen      total 466176K, used 138633K [0x88880000, 0xb3340000, 0xb3340000)
  eden space 233216K, 0% used [0x88880000,0x88880000,0x96c40000)
  from space 232960K, 59% used [0xa4fc0000,0xad7226c8,0xb3340000)
  to   space 232960K, 0% used [0x96c40000,0x96c40000,0xa4fc0000)
 ParOldGen       total 989184K, used 821578K [0x33340000, 0x6f940000, 0x88880000)
  object space 989184K, 83% used [0x33340000,0x65592b80,0x6f940000)
 PSPermGen       total 16384K, used 4495K [0x2b340000, 0x2c340000, 0x33340000)
  object space 16384K, 27% used [0x2b340000,0x2b7a3c30,0x2c340000)
}
Event: 31.812 GC heap before
{Heap before GC invocations=41 (full 8):
 PSYoungGen      total 466176K, used 371849K [0x88880000, 0xb3340000, 0xb3340000)
  eden space 233216K, 100% used [0x88880000,0x96c40000,0x96c40000)
  from space 232960K, 59% used [0xa4fc0000,0xad7226c8,0xb3340000)
  to   space 232960K, 0% used [0x96c40000,0x96c40000,0xa4fc0000)
 ParOldGen       total 989184K, used 821578K [0x33340000, 0x6f940000, 0x88880000)
  object space 989184K, 83% used [0x33340000,0x65592b80,0x6f940000)
 PSPermGen       total 16384K, used 4579K [0x2b340000, 0x2c340000, 0x33340000)
  object space 16384K, 27% used [0x2b340000,0x2b7b8f90,0x2c340000)
Event: 32.150 GC heap after
Heap after GC invocations=41 (full 8):
 PSYoungGen      total 334848K, used 101600K [0x88880000, 0xb2840000, 0xb3340000)
  eden space 233216K, 0% used [0x88880000,0x88880000,0x96c40000)
  from space 101632K, 99% used [0x96c40000,0x9cf783e0,0x9cf80000)
  to   space 227328K, 0% used [0xa4a40000,0xa4a40000,0xb2840000)
 ParOldGen       total 989184K, used 891668K [0x33340000, 0x6f940000, 0x88880000)
  object space 989184K, 90% used [0x33340000,0x69a05288,0x6f940000)
 PSPermGen       total 16384K, used 4579K [0x2b340000, 0x2c340000, 0x33340000)
  object space 16384K, 27% used [0x2b340000,0x2b7b8f90,0x2c340000)
}
Event: 32.150 GC heap before
{Heap before GC invocations=42 (full 9):
 PSYoungGen      total 334848K, used 101600K [0x88880000, 0xb2840000, 0xb3340000)
  eden space 233216K, 0% used [0x88880000,0x88880000,0x96c40000)
  from space 101632K, 99% used [0x96c40000,0x9cf783e0,0x9cf80000)
  to   space 227328K, 0% used [0xa4a40000,0xa4a40000,0xb2840000)
 ParOldGen       total 989184K, used 891668K [0x33340000, 0x6f940000, 0x88880000)
  object space 989184K, 90% used [0x33340000,0x69a05288,0x6f940000)
 PSPermGen       total 16384K, used 4579K [0x2b340000, 0x2c340000, 0x33340000)
  object space 16384K, 27% used [0x2b340000,0x2b7b8f90,0x2c340000)

Deoptimization events (10 events):
Event: 31.655 Thread 0x24df7800 Uncommon trap: reason=unreached action=reinterpret pc=0xb38edf4c method=com.android.dx.dex.code.OutputFinisher.findOpcodeForInsn(Lcom/android/dx/dex/code/DalvInsn;Lcom/android/dx/dex/code/Dop;)Lcom/android/dx/dex/code/Dop; @ 1
Event: 31.657 Thread 0x24df7800 Uncommon trap: reason=unreached action=reinterpret pc=0xb38ed878 method=com.android.dx.dex.code.LocalList$MakeState.filterSpec(Lcom/android/dx/rop/code/RegisterSpec;)Lcom/android/dx/rop/code/RegisterSpec; @ 11
Event: 31.687 Thread 0x24df7800 Uncommon trap: reason=array_check action=maybe_recompile pc=0xb38e60d0 method=java.util.ComparableTimSort.binarySort([Ljava/lang/Object;III)V @ 193
Event: 31.710 Thread 0x24df7800 Uncommon trap: reason=array_check action=maybe_recompile pc=0xb38e6158 method=java.util.ComparableTimSort.binarySort([Ljava/lang/Object;III)V @ 183
Event: 31.716 Thread 0x24df7800 Uncommon trap: reason=array_check action=maybe_recompile pc=0xb38e60d0 method=java.util.ComparableTimSort.binarySort([Ljava/lang/Object;III)V @ 193
Event: 31.786 Thread 0x24df7800 Uncommon trap: reason=bimorphic action=maybe_recompile pc=0xb38f5988 method=com.android.dx.dex.code.OutputFinisher.calculateReservedCount([Lcom/android/dx/dex/code/Dop;)I @ 72
Event: 31.786 Thread 0x24df7800 Uncommon trap: reason=bimorphic action=maybe_recompile pc=0xb38f5988 method=com.android.dx.dex.code.OutputFinisher.calculateReservedCount([Lcom/android/dx/dex/code/Dop;)I @ 72
Event: 31.786 Thread 0x24df7800 Uncommon trap: reason=array_check action=maybe_recompile pc=0xb38f8224 method=java.util.ComparableTimSort.binarySort([Ljava/lang/Object;III)V @ 215
Event: 31.787 Thread 0x24df7800 Uncommon trap: reason=bimorphic action=maybe_recompile pc=0xb38f5988 method=com.android.dx.dex.code.OutputFinisher.calculateReservedCount([Lcom/android/dx/dex/code/Dop;)I @ 72
Event: 31.787 Thread 0x24df7800 Uncommon trap: reason=bimorphic action=maybe_recompile pc=0xb38f5988 method=com.android.dx.dex.code.OutputFinisher.calculateReservedCount([Lcom/android/dx/dex/code/Dop;)I @ 72

Internal exceptions (10 events):
Event: 31.588 Thread 0x24df7800 Threw 0x8fbb8078 at /build/openjdk-7-OKGHM_/openjdk-7-7u79-2.5.6/build/openjdk/hotspot/src/share/vm/prims/jvm.cpp:1284
Event: 31.588 Thread 0x24df7800 Threw 0x8fbbd7c0 at /build/openjdk-7-OKGHM_/openjdk-7-7u79-2.5.6/build/openjdk/hotspot/src/share/vm/prims/jvm.cpp:1284
Event: 31.589 Thread 0x24df7800 Threw 0x8fbc42b8 at /build/openjdk-7-OKGHM_/openjdk-7-7u79-2.5.6/build/openjdk/hotspot/src/share/vm/prims/jvm.cpp:1284
Event: 31.589 Thread 0x24df7800 Threw 0x8fbc7658 at /build/openjdk-7-OKGHM_/openjdk-7-7u79-2.5.6/build/openjdk/hotspot/src/share/vm/prims/jvm.cpp:1284
Event: 31.589 Thread 0x24df7800 Threw 0x8fbcc950 at /build/openjdk-7-OKGHM_/openjdk-7-7u79-2.5.6/build/openjdk/hotspot/src/share/vm/prims/jvm.cpp:1284
Event: 31.590 Thread 0x24df7800 Threw 0x8fbd1418 at /build/openjdk-7-OKGHM_/openjdk-7-7u79-2.5.6/build/openjdk/hotspot/src/share/vm/prims/jvm.cpp:1284
Event: 31.601 Thread 0x24df7800 Threw 0x8fbe1a60 at /build/openjdk-7-OKGHM_/openjdk-7-7u79-2.5.6/build/openjdk/hotspot/src/share/vm/prims/jvm.cpp:1284
Event: 31.601 Thread 0x24df7800 Threw 0x8fbe4f90 at /build/openjdk-7-OKGHM_/openjdk-7-7u79-2.5.6/build/openjdk/hotspot/src/share/vm/prims/jvm.cpp:1284
Event: 31.602 Thread 0x24df7800 Threw 0x900a8540 at /build/openjdk-7-OKGHM_/openjdk-7-7u79-2.5.6/build/openjdk/hotspot/src/share/vm/prims/jvm.cpp:1284
Event: 31.652 Thread 0x24df7800 Threw 0x916dd8f0 at /build/openjdk-7-OKGHM_/openjdk-7-7u79-2.5.6/build/openjdk/hotspot/src/share/vm/prims/jvm.cpp:1284

Events (10 events):
Event: 31.786 Thread 0x24df7800 Uncommon trap: trap_request=0xffffffd6 fr.pc=0xb38f8224
Event: 31.786 Thread 0x24df7800 DEOPT PACKING pc=0xb38f8224 sp=0x247b6920
Event: 31.786 Thread 0x24df7800 DEOPT UNPACKING pc=0xb342cbc8 sp=0x247b690c mode 2
Event: 31.787 Thread 0x24df7800 Uncommon trap: trap_request=0xffffffc6 fr.pc=0xb38f5988
Event: 31.787 Thread 0x24df7800 DEOPT PACKING pc=0xb38f5988 sp=0x247b6970
Event: 31.787 Thread 0x24df7800 DEOPT UNPACKING pc=0xb342cbc8 sp=0x247b693c mode 2
Event: 31.787 Thread 0x24df7800 Uncommon trap: trap_request=0xffffffc6 fr.pc=0xb38f5988
Event: 31.787 Thread 0x24df7800 DEOPT PACKING pc=0xb38f5988 sp=0x247b6970
Event: 31.787 Thread 0x24df7800 DEOPT UNPACKING pc=0xb342cbc8 sp=0x247b693c mode 2
Event: 31.812 Executing VM operation: ParallelGCFailedAllocation


Dynamic libraries:
08048000-08049000 r-xp 00000000 08:01 4729858    /usr/lib/jvm/java-7-openjdk-i386/jre/bin/java
08049000-0804a000 r--p 00000000 08:01 4729858    /usr/lib/jvm/java-7-openjdk-i386/jre/bin/java
0804a000-0804b000 rw-p 00001000 08:01 4729858    /usr/lib/jvm/java-7-openjdk-i386/jre/bin/java
09fe9000-0a00a000 rw-p 00000000 00:00 0          [heap]
21a00000-21af1000 rw-p 00000000 00:00 0 
21af1000-21b00000 ---p 00000000 00:00 0 
21b00000-21bbd000 rw-p 00000000 00:00 0 
21bbd000-21c00000 ---p 00000000 00:00 0 
21f00000-21ffd000 rw-p 00000000 00:00 0 
21ffd000-22000000 ---p 00000000 00:00 0 
22200000-222f0000 rw-p 00000000 00:00 0 
222f0000-22300000 ---p 00000000 00:00 0 
22300000-223fe000 rw-p 00000000 00:00 0 
223fe000-22400000 ---p 00000000 00:00 0 
22400000-22600000 rw-p 00000000 00:00 0 
22600000-22700000 rw-p 00000000 00:00 0 
22900000-229fc000 rw-p 00000000 00:00 0 
229fc000-22a00000 ---p 00000000 00:00 0 
22b00000-22cfb000 rw-p 00000000 00:00 0 
22cfb000-22d00000 ---p 00000000 00:00 0 
22d00000-22dfa000 rw-p 00000000 00:00 0 
22dfa000-22e00000 ---p 00000000 00:00 0 
22f00000-22fc8000 rw-p 00000000 00:00 0 
22fc8000-23000000 ---p 00000000 00:00 0 
23000000-230f6000 rw-p 00000000 00:00 0 
230f6000-23100000 ---p 00000000 00:00 0 
23100000-231ed000 rw-p 00000000 00:00 0 
231ed000-23200000 ---p 00000000 00:00 0 
23200000-232e5000 rw-p 00000000 00:00 0 
232e5000-23300000 ---p 00000000 00:00 0 
23300000-23398000 rw-p 00000000 00:00 0 
23398000-23400000 ---p 00000000 00:00 0 
23400000-23500000 rw-p 00000000 00:00 0 
23500000-235f1000 rw-p 00000000 00:00 0 
235f1000-23600000 ---p 00000000 00:00 0 
23600000-236fd000 rw-p 00000000 00:00 0 
236fd000-23700000 ---p 00000000 00:00 0 
23700000-237fc000 rw-p 00000000 00:00 0 
237fc000-23800000 ---p 00000000 00:00 0 
23800000-238f9000 rw-p 00000000 00:00 0 
238f9000-23900000 ---p 00000000 00:00 0 
23900000-239fe000 rw-p 00000000 00:00 0 
239fe000-23a00000 ---p 00000000 00:00 0 
23a00000-23ae8000 rw-p 00000000 00:00 0 
23ae8000-23b00000 ---p 00000000 00:00 0 
23b00000-23c00000 rw-p 00000000 00:00 0 
23d00000-23df4000 rw-p 00000000 00:00 0 
23df4000-23e00000 ---p 00000000 00:00 0 
23e00000-23ef1000 rw-p 00000000 00:00 0 
23ef1000-23f00000 ---p 00000000 00:00 0 
23f00000-24000000 rw-p 00000000 00:00 0 
24100000-241fb000 rw-p 00000000 00:00 0 
241fb000-24200000 ---p 00000000 00:00 0 
24200000-242fd000 rw-p 00000000 00:00 0 
242fd000-24300000 ---p 00000000 00:00 0 
24300000-243ff000 rw-p 00000000 00:00 0 
243ff000-24400000 ---p 00000000 00:00 0 
24400000-244fd000 rw-p 00000000 00:00 0 
244fd000-24500000 ---p 00000000 00:00 0 
24500000-245ed000 rw-p 00000000 00:00 0 
245ed000-24600000 ---p 00000000 00:00 0 
24600000-246fc000 rw-p 00000000 00:00 0 
246fc000-24700000 ---p 00000000 00:00 0 
24767000-2476a000 ---p 00000000 00:00 0 
2476a000-247b8000 rw-p 00000000 00:00 0 
247b8000-247bb000 ---p 00000000 00:00 0 
247bb000-24809000 rw-p 00000000 00:00 0 
24809000-2480c000 ---p 00000000 00:00 0 
2480c000-2485a000 rw-p 00000000 00:00 0 
2485a000-2485d000 ---p 00000000 00:00 0 
2485d000-248ab000 rw-p 00000000 00:00 0 
248ab000-248ae000 ---p 00000000 00:00 0 
248ae000-248fc000 rw-p 00000000 00:00 0 
248fc000-248ff000 ---p 00000000 00:00 0 
248ff000-2494d000 rw-p 00000000 00:00 0 
2494d000-24987000 r-xp 00000000 08:01 2753512    /lib/i386-linux-gnu/libpcre.so.3.12.1
24987000-24988000 r--p 00039000 08:01 2753512    /lib/i386-linux-gnu/libpcre.so.3.12.1
24988000-24989000 rw-p 0003a000 08:01 2753512    /lib/i386-linux-gnu/libpcre.so.3.12.1
24989000-2499c000 r-xp 00000000 08:01 2753523    /lib/i386-linux-gnu/libresolv-2.15.so
2499c000-2499d000 ---p 00013000 08:01 2753523    /lib/i386-linux-gnu/libresolv-2.15.so
2499d000-2499e000 r--p 00013000 08:01 2753523    /lib/i386-linux-gnu/libresolv-2.15.so
2499e000-2499f000 rw-p 00014000 08:01 2753523    /lib/i386-linux-gnu/libresolv-2.15.so
2499f000-249a1000 rw-p 00000000 00:00 0 
249a1000-249be000 r-xp 00000000 08:01 2753527    /lib/i386-linux-gnu/libselinux.so.1
249be000-249bf000 r--p 0001c000 08:01 2753527    /lib/i386-linux-gnu/libselinux.so.1
249bf000-249c0000 rw-p 0001d000 08:01 2753527    /lib/i386-linux-gnu/libselinux.so.1
249c0000-24ab7000 r-xp 00000000 08:01 2753464    /lib/i386-linux-gnu/libglib-2.0.so.0.3200.1
24ab7000-24ab8000 r--p 000f6000 08:01 2753464    /lib/i386-linux-gnu/libglib-2.0.so.0.3200.1
24ab8000-24ab9000 rw-p 000f7000 08:01 2753464    /lib/i386-linux-gnu/libglib-2.0.so.0.3200.1
24ab9000-24c0c000 r-xp 00000000 08:01 4723356    /usr/lib/i386-linux-gnu/libgio-2.0.so.0.3200.1
24c0c000-24c0d000 ---p 00153000 08:01 4723356    /usr/lib/i386-linux-gnu/libgio-2.0.so.0.3200.1
24c0d000-24c0f000 r--p 00153000 08:01 4723356    /usr/lib/i386-linux-gnu/libgio-2.0.so.0.3200.1
24c0f000-24c10000 rw-p 00155000 08:01 4723356    /usr/lib/i386-linux-gnu/libgio-2.0.so.0.3200.1
24c10000-24c11000 rw-p 00000000 00:00 0 
24c11000-24d00000 r--s 00c5c000 08:01 2161196    /home/hungama/Android softwares/Android Studio workspace/MyPlayDriveV4.6/app/build/intermediates/transforms/jarMerging/spa/releasetest/jars/1/1f/combined.jar
24d00000-24df8000 rw-p 00000000 00:00 0 
24df8000-24e00000 ---p 00000000 00:00 0 
24e0d000-24e5a000 r-xp 00000000 08:01 4723380    /usr/lib/i386-linux-gnu/libgobject-2.0.so.0.3200.1
24e5a000-24e5b000 r--p 0004c000 08:01 4723380    /usr/lib/i386-linux-gnu/libgobject-2.0.so.0.3200.1
24e5b000-24e5c000 rw-p 0004d000 08:01 4723380    /usr/lib/i386-linux-gnu/libgobject-2.0.so.0.3200.1
24e71000-24e88000 r-xp 00000000 08:01 4729790    /usr/lib/jvm/java-7-openjdk-i386/jre/lib/i386/libnet.so
24e88000-24e89000 r--p 00016000 08:01 4729790    /usr/lib/jvm/java-7-openjdk-i386/jre/lib/i386/libnet.so
24e89000-24e8a000 rw-p 00017000 08:01 4729790    /usr/lib/jvm/java-7-openjdk-i386/jre/lib/i386/libnet.so
24e8a000-24e8b000 ---p 00000000 00:00 0 
24e8b000-24f0b000 rw-p 00000000 00:00 0 
24f0b000-24f0e000 ---p 00000000 00:00 0 
24f0e000-24f5c000 rw-p 00000000 00:00 0 
24f5c000-24f5f000 ---p 00000000 00:00 0 
24f5f000-24fdd000 rw-p 00000000 00:00 0 
24fdd000-24fe0000 ---p 00000000 00:00 0 
24fe0000-2505e000 rw-p 00000000 00:00 0 
2505e000-25061000 ---p 00000000 00:00 0 
25061000-250af000 rw-p 00000000 00:00 0 
250af000-252af000 r--p 00000000 08:01 4725822    /usr/lib/locale/locale-archive
252af000-252b2000 ---p 00000000 00:00 0 
252b2000-25300000 rw-p 00000000 00:00 0 
25300000-253f3000 rw-p 00000000 00:00 0 
253f3000-25400000 ---p 00000000 00:00 0 
25400000-25425000 rw-p 00000000 00:00 0 
25425000-25500000 ---p 00000000 00:00 0 
25500000-255fc000 rw-p 00000000 00:00 0 
255fc000-25600000 ---p 00000000 00:00 0 
25605000-25606000 ---p 00000000 00:00 0 
25606000-256cf000 rw-p 00000000 00:00 0 
256cf000-25880000 r--s 01d29000 08:01 4729604    /usr/lib/jvm/java-7-openjdk-i386/jre/lib/rt.jar
25880000-2a500000 rw-p 00000000 00:00 0 
2a500000-2a5f7000 rw-p 00000000 00:00 0 
2a5f7000-2a600000 ---p 00000000 00:00 0 
2a62e000-2a631000 ---p 00000000 00:00 0 
2a631000-2a67f000 rw-p 00000000 00:00 0 
2a67f000-2a680000 ---p 00000000 00:00 0 
2a680000-2a700000 rw-p 00000000 00:00 0 
2a700000-2a76e000 rw-p 00000000 00:00 0 
2a76e000-2a800000 ---p 00000000 00:00 0 
2a800000-2a858000 rw-p 00000000 00:00 0 
2a858000-2a900000 ---p 00000000 00:00 0 
2a905000-2a90a000 r-xp 00000000 08:01 4723319    /usr/lib/i386-linux-gnu/libffi.so.6.0.0
2a90a000-2a90b000 r--p 00004000 08:01 4723319    /usr/lib/i386-linux-gnu/libffi.so.6.0.0
2a90b000-2a90c000 rw-p 00005000 08:01 4723319    /usr/lib/i386-linux-gnu/libffi.so.6.0.0
2a90c000-2a90f000 r-xp 00000000 08:01 4723366    /usr/lib/i386-linux-gnu/libgmodule-2.0.so.0.3200.1
2a90f000-2a910000 r--p 00002000 08:01 4723366    /usr/lib/i386-linux-gnu/libgmodule-2.0.so.0.3200.1
2a910000-2a911000 rw-p 00003000 08:01 4723366    /usr/lib/i386-linux-gnu/libgmodule-2.0.so.0.3200.1
2a911000-2a922000 r-xp 00000000 08:01 4729795    /usr/lib/jvm/java-7-openjdk-i386/jre/lib/i386/libnio.so
2a922000-2a923000 r--p 00010000 08:01 4729795    /usr/lib/jvm/java-7-openjdk-i386/jre/lib/i386/libnio.so
2a923000-2a924000 rw-p 00011000 08:01 4729795    /usr/lib/jvm/java-7-openjdk-i386/jre/lib/i386/libnio.so
2a924000-2a97f000 rw-p 00000000 00:00 0 
2a97f000-2a980000 ---p 00000000 00:00 0 
2a980000-2aa00000 rw-p 00000000 00:00 0 
2aa00000-2aa63000 rw-p 00000000 00:00 0 
2aa63000-2ab00000 ---p 00000000 00:00 0 
2ab03000-2ab12000 r--s 000df000 08:01 6032747    /home/hungama/Android/Sdk/build-tools/23.0.1/lib/dx.jar
2ab12000-2ab13000 ---p 00000000 00:00 0 
2ab13000-2ab93000 rw-p 00000000 00:00 0 
2ab93000-2ab94000 ---p 00000000 00:00 0 
2ab94000-2ac1c000 rw-p 00000000 00:00 0 
2ac1c000-2ac54000 rw-p 00000000 00:00 0 
2ac54000-2ae37000 rw-p 00000000 00:00 0 
2ae37000-2aeff000 rw-p 00000000 00:00 0 
2aeff000-2af07000 rw-p 00000000 00:00 0 
2af07000-2af3f000 rw-p 00000000 00:00 0 
2af3f000-2b122000 rw-p 00000000 00:00 0 
2b122000-2b1e9000 rw-p 00000000 00:00 0 
2b1e9000-2b33a000 rw-p 00000000 00:00 0 
2b33a000-2b33f000 ---p 00000000 00:00 0 
2b33f000-2c340000 rw-p 00000000 00:00 0 
2c340000-33340000 rw-p 00000000 00:00 0 
33340000-6f940000 rw-p 00000000 00:00 0 
7f340000-88880000 rw-p 00000000 00:00 0 
88880000-b2840000 rw-p 00000000 00:00 0 
b2840000-b3340000 ---p 00000000 00:00 0 
b3340000-b3355000 rw-p 00000000 00:00 0 
b3355000-b3400000 rw-p 00000000 00:00 0 
b3400000-b3910000 rwxp 00000000 00:00 0 
b3910000-b6500000 rw-p 00000000 00:00 0 
b6500000-b6504000 r--s 0003c000 08:01 4729810    /usr/lib/jvm/java-7-openjdk-i386/jre/lib/ext/sunpkcs11.jar
b6504000-b6508000 r--s 00034000 08:01 4729808    /usr/lib/jvm/java-7-openjdk-i386/jre/lib/ext/sunjce_provider.jar
b6508000-b650c000 r--s 00085000 08:01 4729806    /usr/lib/jvm/java-7-openjdk-i386/jre/lib/ext/localedata.jar
b650c000-b653f000 rw-p 00000000 00:00 0 
b653f000-b654a000 r-xp 00000000 08:01 2753490    /lib/i386-linux-gnu/libnss_files-2.15.so
b654a000-b654b000 r--p 0000a000 08:01 2753490    /lib/i386-linux-gnu/libnss_files-2.15.so
b654b000-b654c000 rw-p 0000b000 08:01 2753490    /lib/i386-linux-gnu/libnss_files-2.15.so
b654c000-b6556000 r-xp 00000000 08:01 2753494    /lib/i386-linux-gnu/libnss_nis-2.15.so
b6556000-b6557000 r--p 00009000 08:01 2753494    /lib/i386-linux-gnu/libnss_nis-2.15.so
b6557000-b6558000 rw-p 0000a000 08:01 2753494    /lib/i386-linux-gnu/libnss_nis-2.15.so
b6558000-b656e000 r-xp 00000000 08:01 2753484    /lib/i386-linux-gnu/libnsl-2.15.so
b656e000-b656f000 r--p 00015000 08:01 2753484    /lib/i386-linux-gnu/libnsl-2.15.so
b656f000-b6570000 rw-p 00016000 08:01 2753484    /lib/i386-linux-gnu/libnsl-2.15.so
b6570000-b6572000 rw-p 00000000 00:00 0 
b6572000-b6579000 r-xp 00000000 08:01 2753486    /lib/i386-linux-gnu/libnss_compat-2.15.so
b6579000-b657a000 r--p 00006000 08:01 2753486    /lib/i386-linux-gnu/libnss_compat-2.15.so
b657a000-b657b000 rw-p 00007000 08:01 2753486    /lib/i386-linux-gnu/libnss_compat-2.15.so
b657b000-b657e000 r--s 0000f000 08:01 4729811    /usr/lib/jvm/java-7-openjdk-i386/jre/lib/ext/icedtea-sound.jar
b657e000-b6586000 r-xp 00000000 08:01 4729761    /usr/lib/jvm/java-7-openjdk-i386/jre/lib/i386/libzip.so
b6586000-b6587000 r--p 00007000 08:01 4729761    /usr/lib/jvm/java-7-openjdk-i386/jre/lib/i386/libzip.so
b6587000-b6588000 rw-p 00008000 08:01 4729761    /usr/lib/jvm/java-7-openjdk-i386/jre/lib/i386/libzip.so
b6588000-b6590000 rw-s 00000000 08:01 4615404    /tmp/hsperfdata_hungama/9869
b6590000-b65b7000 r-xp 00000000 08:01 4729800    /usr/lib/jvm/java-7-openjdk-i386/jre/lib/i386/libjava.so
b65b7000-b65b8000 r--p 00026000 08:01 4729800    /usr/lib/jvm/java-7-openjdk-i386/jre/lib/i386/libjava.so
b65b8000-b65b9000 rw-p 00027000 08:01 4729800    /usr/lib/jvm/java-7-openjdk-i386/jre/lib/i386/libjava.so
b65b9000-b65c0000 r-xp 00000000 08:01 2753525    /lib/i386-linux-gnu/librt-2.15.so
b65c0000-b65c1000 r--p 00006000 08:01 2753525    /lib/i386-linux-gnu/librt-2.15.so
b65c1000-b65c2000 rw-p 00007000 08:01 2753525    /lib/i386-linux-gnu/librt-2.15.so
b65c2000-b65c5000 ---p 00000000 00:00 0 
b65c5000-b6613000 rw-p 00000000 00:00 0 
b6613000-b662f000 r-xp 00000000 08:01 2753460    /lib/i386-linux-gnu/libgcc_s.so.1
b662f000-b6630000 r--p 0001b000 08:01 2753460    /lib/i386-linux-gnu/libgcc_s.so.1
b6630000-b6631000 rw-p 0001c000 08:01 2753460    /lib/i386-linux-gnu/libgcc_s.so.1
b6631000-b665b000 r-xp 00000000 08:01 2753471    /lib/i386-linux-gnu/libm-2.15.so
b665b000-b665c000 r--p 00029000 08:01 2753471    /lib/i386-linux-gnu/libm-2.15.so
b665c000-b665d000 rw-p 0002a000 08:01 2753471    /lib/i386-linux-gnu/libm-2.15.so
b665d000-b6735000 r-xp 00000000 08:01 4723661    /usr/lib/i386-linux-gnu/libstdc++.so.6.0.16
b6735000-b6736000 ---p 000d8000 08:01 4723661    /usr/lib/i386-linux-gnu/libstdc++.so.6.0.16
b6736000-b673a000 r--p 000d8000 08:01 4723661    /usr/lib/i386-linux-gnu/libstdc++.so.6.0.16
b673a000-b673b000 rw-p 000dc000 08:01 4723661    /usr/lib/i386-linux-gnu/libstdc++.so.6.0.16
b673b000-b6742000 rw-p 00000000 00:00 0 
b6742000-b7105000 r-xp 00000000 08:01 4729768    /usr/lib/jvm/java-7-openjdk-i386/jre/lib/i386/server/libjvm.so
b7105000-b715a000 r--p 009c3000 08:01 4729768    /usr/lib/jvm/java-7-openjdk-i386/jre/lib/i386/server/libjvm.so
b715a000-b716e000 rw-p 00a18000 08:01 4729768    /usr/lib/jvm/java-7-openjdk-i386/jre/lib/i386/server/libjvm.so
b716e000-b758c000 rw-p 00000000 00:00 0 
b758c000-b75a0000 r-xp 00000000 08:01 2753550    /lib/i386-linux-gnu/libz.so.1.2.3.4
b75a0000-b75a1000 r--p 00013000 08:01 2753550    /lib/i386-linux-gnu/libz.so.1.2.3.4
b75a1000-b75a2000 rw-p 00014000 08:01 2753550    /lib/i386-linux-gnu/libz.so.1.2.3.4
b75a2000-b75b9000 r-xp 00000000 08:01 2753519    /lib/i386-linux-gnu/libpthread-2.15.so
b75b9000-b75ba000 r--p 00016000 08:01 2753519    /lib/i386-linux-gnu/libpthread-2.15.so
b75ba000-b75bb000 rw-p 00017000 08:01 2753519    /lib/i386-linux-gnu/libpthread-2.15.so
b75bb000-b75bd000 rw-p 00000000 00:00 0 
b75bd000-b75c0000 r-xp 00000000 08:01 2753452    /lib/i386-linux-gnu/libdl-2.15.so
b75c0000-b75c1000 r--p 00002000 08:01 2753452    /lib/i386-linux-gnu/libdl-2.15.so
b75c1000-b75c2000 rw-p 00003000 08:01 2753452    /lib/i386-linux-gnu/libdl-2.15.so
b75c2000-b7761000 r-xp 00000000 08:01 2753439    /lib/i386-linux-gnu/libc-2.15.so
b7761000-b7763000 r--p 0019f000 08:01 2753439    /lib/i386-linux-gnu/libc-2.15.so
b7763000-b7764000 rw-p 001a1000 08:01 2753439    /lib/i386-linux-gnu/libc-2.15.so
b7764000-b7767000 rw-p 00000000 00:00 0 
b7767000-b7768000 r--s 00002000 08:01 4729807    /usr/lib/jvm/java-7-openjdk-i386/jre/lib/ext/dnsns.jar
b7768000-b7769000 r--s 00007000 08:01 4989124    /usr/share/java/java-atk-wrapper.jar
b7769000-b776b000 r--s 00012000 08:01 4729812    /usr/lib/jvm/java-7-openjdk-i386/jre/lib/ext/zipfs.jar
b776b000-b776c000 r--p 005db000 08:01 4725822    /usr/lib/locale/locale-archive
b776c000-b776d000 rw-p 00000000 00:00 0 
b776d000-b776e000 ---p 00000000 00:00 0 
b776e000-b777a000 r-xp 00000000 08:01 4729780    /usr/lib/jvm/java-7-openjdk-i386/jre/lib/i386/libverify.so
b777a000-b777b000 r--p 0000b000 08:01 4729780    /usr/lib/jvm/java-7-openjdk-i386/jre/lib/i386/libverify.so
b777b000-b777c000 rw-p 0000c000 08:01 4729780    /usr/lib/jvm/java-7-openjdk-i386/jre/lib/i386/libverify.so
b777c000-b7789000 r-xp 00000000 08:01 4729765    /usr/lib/jvm/java-7-openjdk-i386/jre/lib/i386/jli/libjli.so
b7789000-b778a000 r--p 0000c000 08:01 4729765    /usr/lib/jvm/java-7-openjdk-i386/jre/lib/i386/jli/libjli.so
b778a000-b778b000 rw-p 0000d000 08:01 4729765    /usr/lib/jvm/java-7-openjdk-i386/jre/lib/i386/jli/libjli.so
b778b000-b778e000 rw-p 00000000 00:00 0 
b778e000-b778f000 r-xp 00000000 00:00 0          [vdso]
b778f000-b77af000 r-xp 00000000 08:01 2753419    /lib/i386-linux-gnu/ld-2.15.so
b77af000-b77b0000 r--p 0001f000 08:01 2753419    /lib/i386-linux-gnu/ld-2.15.so
b77b0000-b77b1000 rw-p 00020000 08:01 2753419    /lib/i386-linux-gnu/ld-2.15.so
bff9c000-bff9d000 rwxp 00000000 00:00 0 
bffcf000-bfff0000 rw-p 00000000 00:00 0          [stack]

VM Arguments:
jvm_args: -Djava.awt.headless=true -Xmx2048M -Dfile.encoding=UTF-8 -Duser.country=IN -Duser.language=en -Duser.variant 
java_command: com.android.dx.command.Main --dex --num-threads=4 --multi-dex --main-dex-list /home/hungama/Android softwares/Android Studio workspace/MyPlayDriveV4.6/app/build/intermediates/multi-dex/spa/releasetest/maindexlist.txt --output /home/hungama/Android softwares/Android Studio workspace/MyPlayDriveV4.6/app/build/intermediates/transforms/dex/spa/releasetest/folders/1000/1f/main /home/hungama/Android softwares/Android Studio workspace/MyPlayDriveV4.6/app/build/intermediates/transforms/jarMerging/spa/releasetest/jars/1/1f/combined.jar
Launcher Type: SUN_STANDARD

Environment Variables:
JAVA_HOME=/usr/lib/jvm/java-1.7.0-openjdk-i386
PATH=/usr/lib/lightdm/lightdm:/usr/local/sbin:/usr/local/bin:/usr/sbin:/usr/bin:/sbin:/bin:/usr/games
LD_LIBRARY_PATH=/home/hungama/Android softwares/android-studio_1.4/bin:
SHELL=/bin/bash
DISPLAY=:0.0

Signal Handlers:
SIGSEGV: [libjvm.so+0x80b960], sa_mask[0]=0x7ffbfeff, sa_flags=0x10000004
SIGBUS: [libjvm.so+0x80b960], sa_mask[0]=0x7ffbfeff, sa_flags=0x10000004
SIGFPE: [libjvm.so+0x6756b0], sa_mask[0]=0x7ffbfeff, sa_flags=0x10000004
SIGPIPE: [libjvm.so+0x6756b0], sa_mask[0]=0x7ffbfeff, sa_flags=0x10000004
SIGXFSZ: [libjvm.so+0x6756b0], sa_mask[0]=0x7ffbfeff, sa_flags=0x10000004
SIGILL: [libjvm.so+0x6756b0], sa_mask[0]=0x7ffbfeff, sa_flags=0x10000004
SIGUSR1: SIG_DFL, sa_mask[0]=0x00000000, sa_flags=0x00000000
SIGUSR2: [libjvm.so+0x675990], sa_mask[0]=0x00000004, sa_flags=0x10000004
SIGHUP: [libjvm.so+0x675b50], sa_mask[0]=0x7ffbfeff, sa_flags=0x10000004
SIGINT: [libjvm.so+0x675b50], sa_mask[0]=0x7ffbfeff, sa_flags=0x10000004
SIGTERM: [libjvm.so+0x675b50], sa_mask[0]=0x7ffbfeff, sa_flags=0x10000004
SIGQUIT: [libjvm.so+0x675b50], sa_mask[0]=0x7ffbfeff, sa_flags=0x10000004
SIGTRAP: SIG_DFL, sa_mask[0]=0x00000000, sa_flags=0x00000000


---------------  S Y S T E M  ---------------

OS:Ubuntu 12.04 (precise)
uname:Linux 3.2.0-23-generic-pae #36-Ubuntu SMP Tue Apr 10 22:19:09 UTC 2012 i686
libc:glibc 2.15 NPTL 2.15 
rlimit: STACK 8192k, CORE 0k, NPROC 62330, NOFILE 4096, AS infinity
load average:3.93 2.80 2.12

/proc/meminfo:
MemTotal:        7992872 kB
MemFree:          421004 kB
Buffers:           60608 kB
Cached:           186600 kB
SwapCached:            0 kB
Active:          7140408 kB
Inactive:         157760 kB
Active(anon):    7052464 kB
Inactive(anon):    69760 kB
Active(file):      87944 kB
Inactive(file):    88000 kB
Unevictable:         140 kB
Mlocked:             140 kB
HighTotal:       7195144 kB
HighFree:         111520 kB
LowTotal:         797728 kB
LowFree:          309484 kB
SwapTotal:             0 kB
SwapFree:              0 kB
Dirty:              5080 kB
Writeback:             0 kB
AnonPages:       7051356 kB
Mapped:           121824 kB
Shmem:             71228 kB
Slab:              73440 kB
SReclaimable:      47332 kB
SUnreclaim:        26108 kB
KernelStack:        5608 kB
PageTables:        27724 kB
NFS_Unstable:          0 kB
Bounce:                0 kB
WritebackTmp:          0 kB
CommitLimit:     3996436 kB
Committed_AS:   12322668 kB
VmallocTotal:     122880 kB
VmallocUsed:       16432 kB
VmallocChunk:      97584 kB
HardwareCorrupted:     0 kB
AnonHugePages:         0 kB
HugePages_Total:       0
HugePages_Free:        0
HugePages_Rsvd:        0
HugePages_Surp:        0
Hugepagesize:       2048 kB
DirectMap4k:        8184 kB
DirectMap2M:      905216 kB


CPU:total 4 (4 cores per cpu, 1 threads per core) family 21 model 2 stepping 0, cmov, cx8, fxsr, mmx, sse, sse2, sse3, ssse3, sse4.1, sse4.2, popcnt, avx, aes, mmxext, 3dnowpref, lzcnt, sse4a, tsc, tscinvbit, tscinv

/proc/cpuinfo:
processor	: 0
vendor_id	: AuthenticAMD
cpu family	: 21
model		: 2
model name	: AMD FX(tm)-4300 Quad-Core Processor            
stepping	: 0
microcode	: 0x600081c
cpu MHz		: 2600.000
cache size	: 2048 KB
physical id	: 0
siblings	: 4
core id		: 0
cpu cores	: 2
apicid		: 0
initial apicid	: 0
fdiv_bug	: no
hlt_bug		: no
f00f_bug	: no
coma_bug	: no
fpu		: yes
fpu_exception	: yes
cpuid level	: 13
wp		: yes
flags		: fpu vme de pse tsc msr pae mce cx8 apic sep mtrr pge mca cmov pat pse36 clflush mmx fxsr sse sse2 ht syscall nx mmxext fxsr_opt pdpe1gb rdtscp lm constant_tsc nonstop_tsc extd_apicid aperfmperf pni pclmulqdq monitor ssse3 fma cx16 sse4_1 sse4_2 popcnt aes xsave avx f16c lahf_lm cmp_legacy svm extapic cr8_legacy abm sse4a misalignsse 3dnowprefetch osvw ibs xop skinit wdt lwp fma4 tce nodeid_msr tbm topoext perfctr_core arat cpb npt lbrv svm_lock nrip_save tsc_scale vmcb_clean flushbyasid decodeassists pausefilter pfthreshold bmi1
bogomips	: 7634.48
clflush size	: 64
cache_alignment	: 64
address sizes	: 48 bits physical, 48 bits virtual
power management: ts ttp tm 100mhzsteps hwpstate cpb eff_freq_ro

processor	: 1
vendor_id	: AuthenticAMD
cpu family	: 21
model		: 2
model name	: AMD FX(tm)-4300 Quad-Core Processor            
stepping	: 0
microcode	: 0x600081c
cpu MHz		: 1400.000
cache size	: 2048 KB
physical id	: 0
siblings	: 4
core id		: 1
cpu cores	: 2
apicid		: 1
initial apicid	: 1
fdiv_bug	: no
hlt_bug		: no
f00f_bug	: no
coma_bug	: no
fpu		: yes
fpu_exception	: yes
cpuid level	: 13
wp		: yes
flags		: fpu vme de pse tsc msr pae mce cx8 apic sep mtrr pge mca cmov pat pse36 clflush mmx fxsr sse sse2 ht syscall nx mmxext fxsr_opt pdpe1gb rdtscp lm constant_tsc nonstop_tsc extd_apicid aperfmperf pni pclmulqdq monitor ssse3 fma cx16 sse4_1 sse4_2 popcnt aes xsave avx f16c lahf_lm cmp_legacy svm extapic cr8_legacy abm sse4a misalignsse 3dnowprefetch osvw ibs xop skinit wdt lwp fma4 tce nodeid_msr tbm topoext perfctr_core arat cpb npt lbrv svm_lock nrip_save tsc_scale vmcb_clean flushbyasid decodeassists pausefilter pfthreshold bmi1
bogomips	: 7634.10
clflush size	: 64
cache_alignment	: 64
address sizes	: 48 bits physical, 48 bits virtual
power management: ts ttp tm 100mhzsteps hwpstate cpb eff_freq_ro

processor	: 2
vendor_id	: AuthenticAMD
cpu family	: 21
model		: 2
model name	: AMD FX(tm)-4300 Quad-Core Processor            
stepping	: 0
microcode	: 0x600081c
cpu MHz		: 1400.000
cache size	: 2048 KB
physical id	: 0
siblings	: 4
core id		: 2
cpu cores	: 2
apicid		: 2
initial apicid	: 2
fdiv_bug	: no
hlt_bug		: no
f00f_bug	: no
coma_bug	: no
fpu		: yes
fpu_exception	: yes
cpuid level	: 13
wp		: yes
flags		: fpu vme de pse tsc msr pae mce cx8 apic sep mtrr pge mca cmov pat pse36 clflush mmx fxsr sse sse2 ht syscall nx mmxext fxsr_opt pdpe1gb rdtscp lm constant_tsc nonstop_tsc extd_apicid aperfmperf pni pclmulqdq monitor ssse3 fma cx16 sse4_1 sse4_2 popcnt aes xsave avx f16c lahf_lm cmp_legacy svm extapic cr8_legacy abm sse4a misalignsse 3dnowprefetch osvw ibs xop skinit wdt lwp fma4 tce nodeid_msr tbm topoext perfctr_core arat cpb npt lbrv svm_lock nrip_save tsc_scale vmcb_clean flushbyasid decodeassists pausefilter pfthreshold bmi1
bogomips	: 7634.15
clflush size	: 64
cache_alignment	: 64
address sizes	: 48 bits physical, 48 bits virtual
power management: ts ttp tm 100mhzsteps hwpstate cpb eff_freq_ro

processor	: 3
vendor_id	: AuthenticAMD
cpu family	: 21
model		: 2
model name	: AMD FX(tm)-4300 Quad-Core Processor            
stepping	: 0
microcode	: 0x600081c
cpu MHz		: 1400.000
cache size	: 2048 KB
physical id	: 0
siblings	: 4
core id		: 3
cpu cores	: 2
apicid		: 3
initial apicid	: 3
fdiv_bug	: no
hlt_bug		: no
f00f_bug	: no
coma_bug	: no
fpu		: yes
fpu_exception	: yes
cpuid level	: 13
wp		: yes
flags		: fpu vme de pse tsc msr pae mce cx8 apic sep mtrr pge mca cmov pat pse36 clflush mmx fxsr sse sse2 ht syscall nx mmxext fxsr_opt pdpe1gb rdtscp lm constant_tsc nonstop_tsc extd_apicid aperfmperf pni pclmulqdq monitor ssse3 fma cx16 sse4_1 sse4_2 popcnt aes xsave avx f16c lahf_lm cmp_legacy svm extapic cr8_legacy abm sse4a misalignsse 3dnowprefetch osvw ibs xop skinit wdt lwp fma4 tce nodeid_msr tbm topoext perfctr_core arat cpb npt lbrv svm_lock nrip_save tsc_scale vmcb_clean flushbyasid decodeassists pausefilter pfthreshold bmi1
bogomips	: 7634.14
clflush size	: 64
cache_alignment	: 64
address sizes	: 48 bits physical, 48 bits virtual
power management: ts ttp tm 100mhzsteps hwpstate cpb eff_freq_ro



Memory: 4k page, physical 7992872k(421004k free), swap 0k(0k free)

vm_info: OpenJDK Server VM (24.79-b02) for linux-x86 JRE (1.7.0_79-b14), built on Jul 24 2015 08:22:28 by "buildd" with gcc 4.6.3

time: Mon May 23 12:18:47 2016
elapsed time: 36 seconds

