#
# There is insufficient memory for the Java Runtime Environment to continue.
# Native memory allocation (malloc) failed to allocate 267386880 bytes for committing reserved memory.
# Possible reasons:
#   The system is out of physical RAM or swap space
#   In 32 bit mode, the process size limit was hit
# Possible solutions:
#   Reduce memory load on the system
#   Increase physical memory or swap space
#   Check if swap backing store is full
#   Use 64 bit Java on a 64 bit OS
#   Decrease Java heap size (-Xmx/-Xms)
#   Decrease number of Java threads
#   Decrease Java thread stack sizes (-Xss)
#   Set larger code cache with -XX:ReservedCodeCacheSize=
# This output file may be truncated or incomplete.
#
#  Out of Memory Error (os_linux.cpp:2809), pid=9812, tid=627596096
#
# JRE version: OpenJDK Runtime Environment (7.0_79-b14) (build 1.7.0_79-b14)
# Java VM: OpenJDK Server VM (24.79-b02 mixed mode linux-x86 )
# Derivative: IcedTea 2.5.6
# Distribution: Ubuntu 12.04 LTS, package 7u79-2.5.6-0ubuntu1.12.04.1
# Failed to write core dump. Core dumps have been disabled. To enable core dumping, try "ulimit -c unlimited" before starting Java again
#

---------------  T H R E A D  ---------------

Current thread (0x25580800):  VMThread [stack: 0x25605000,0x25686000] [id=9821]

Stack: [0x25605000,0x25686000]
[error occurred during error reporting (printing stack bounds), id 0xb]

VM_Operation (0x2488f9f8): ParallelGCFailedAllocation, mode: safepoint, requested by thread 0x24d55400


---------------  P R O C E S S  ---------------

Java Threads: ( => current thread )
  0x255f8000 JavaThread "pool-1-thread-1" [_thread_blocked, id=9840, stack(0x2479e000,0x247ef000)]
  0x24d56400 JavaThread "pool-2-thread-4" [_thread_blocked, id=9833, stack(0x247ef000,0x24840000)]
  0x24d55400 JavaThread "pool-2-thread-3" [_thread_blocked, id=9832, stack(0x24840000,0x24891000)]
  0x24d53400 JavaThread "pool-2-thread-2" [_thread_blocked, id=9831, stack(0x24891000,0x248e2000)]
  0x24d47000 JavaThread "pool-3-thread-1" [_thread_blocked, id=9830, stack(0x248e2000,0x24933000)]
  0x24d46000 JavaThread "pool-2-thread-1" [_thread_blocked, id=9829, stack(0x24933000,0x24984000)]
  0x2559b800 JavaThread "Service Thread" daemon [_thread_blocked, id=9827, stack(0x24f5c000,0x24fad000)]
  0x25599c00 JavaThread "C2 CompilerThread1" daemon [_thread_blocked, id=9826, stack(0x24fad000,0x2502e000)]
  0x25597c00 JavaThread "C2 CompilerThread0" daemon [_thread_blocked, id=9825, stack(0x2502e000,0x250af000)]
  0x25596400 JavaThread "Signal Dispatcher" daemon [_thread_blocked, id=9824, stack(0x250af000,0x25100000)]
  0x25584800 JavaThread "Finalizer" daemon [_thread_blocked, id=9823, stack(0x2a62e000,0x2a67f000)]
  0x25583000 JavaThread "Reference Handler" daemon [_thread_blocked, id=9822, stack(0x2ab01000,0x2ab52000)]
  0xb6507c00 JavaThread "main" [_thread_blocked, id=9816, stack(0xb6602000,0xb6653000)]

Other Threads:
=>0x25580800 VMThread [stack: 0x25605000,0x25686000] [id=9821]
  0x2559dc00 WatcherThread [stack: 0x24edb000,0x24f5c000] [id=9828]

VM state:at safepoint (normal execution)

VM Mutex/Monitor currently owned by a thread:  ([mutex/lock_event])
[0xb6504f30] ExpandHeap_lock - owner thread: 0x25580800
[0xb6505478] Threads_lock - owner thread: 0x25580800
[0xb6505888] Heap_lock - owner thread: 0x24d55400

Heap
 PSYoungGen      total 466176K, used 0K [0x888c0000, 0xb3380000, 0xb3380000)
  eden space 233216K, 0% used [0x888c0000,0x888c0000,0x96c80000)
  from space 232960K, 0% used [0x96c80000,0x96c80000,0xa5000000)
  to   space 232960K, 0% used [0xa5000000,0xa5000000,0xb3380000)
 ParOldGen       total 936704K, used 928837K [0x33380000, 0x6c640000, 0x888c0000)
  object space 936704K, 99% used [0x33380000,0x6be91740,0x6c640000)
 PSPermGen       total 16384K, used 4491K [0x2b380000, 0x2c380000, 0x33380000)
  object space 16384K, 27% used [0x2b380000,0x2b7e2f10,0x2c380000)

Card table byte_map: [0x2af3f000,0x2b380000] byte_map_base: 0x2ade5400

Polling page: 0xb77ad000

Code Cache  [0xb347d000, 0xb38ed000, 0xb647d000)
 total_blobs=1540 nmethods=1418 adapters=76 free_code_cache=44655Kb largest_free_block=45683904

Compilation events (10 events):
Event: 29.883 Thread 0x25599c00 nmethod 1466 0xb35d7fc8 code [0xb35d80c0, 0xb35d813c]
Event: 29.883 Thread 0x25599c00 1467  s          com.android.dx.dex.file.TypeIdsSection::intern (62 bytes)
Event: 29.892 Thread 0x25599c00 nmethod 1467 0xb38be5c8 code [0xb38be720, 0xb38bec9c]
Event: 29.905 Thread 0x25599c00 1468             com.android.dx.dex.file.FieldIdItem::addContents (23 bytes)
Event: 29.908 Thread 0x25599c00 nmethod 1468 0xb38dd408 code [0xb38dd540, 0xb38dd6d8]
Event: 29.908 Thread 0x25599c00 1469             com.android.dx.dex.file.FieldIdItem::getFieldRef (8 bytes)
Event: 29.908 Thread 0x25599c00 nmethod 1469 0xb35d7dc8 code [0xb35d7ec0, 0xb35d7f30]
Event: 29.925 Thread 0x25597c00 nmethod 1463 0xb38e8188 code [0xb38e8420, 0xb38e9568]
Event: 29.928 Thread 0x25599c00 1470 %           com.android.dx.dex.file.UniformItemSection::prepare0 @ 19 (47 bytes)
Event: 29.935 Thread 0x25599c00 nmethod 1470% 0xb38dca48 code [0xb38dcba0, 0xb38dcf30]

GC Heap History (10 events):
Event: 27.109 GC heap after
Heap after GC invocations=32 (full 7):
 PSYoungGen      total 424704K, used 133996K [0x888c0000, 0xb3380000, 0xb3380000)
  eden space 290560K, 0% used [0x888c0000,0x888c0000,0x9a480000)
  from space 134144K, 99% used [0x9a480000,0xa275b148,0xa2780000)
  to   space 208640K, 0% used [0xa67c0000,0xa67c0000,0xb3380000)
 ParOldGen       total 936704K, used 784351K [0x33380000, 0x6c640000, 0x888c0000)
  object space 936704K, 83% used [0x33380000,0x63177cb8,0x6c640000)
 PSPermGen       total 16384K, used 4352K [0x2b380000, 0x2c380000, 0x33380000)
  object space 16384K, 26% used [0x2b380000,0x2b7c0140,0x2c380000)
}
Event: 27.727 GC heap before
{Heap before GC invocations=33 (full 7):
 PSYoungGen      total 424704K, used 424556K [0x888c0000, 0xb3380000, 0xb3380000)
  eden space 290560K, 100% used [0x888c0000,0x9a480000,0x9a480000)
  from space 134144K, 99% used [0x9a480000,0xa275b148,0xa2780000)
  to   space 208640K, 0% used [0xa67c0000,0xa67c0000,0xb3380000)
 ParOldGen       total 936704K, used 784351K [0x33380000, 0x6c640000, 0x888c0000)
  object space 936704K, 83% used [0x33380000,0x63177cb8,0x6c640000)
 PSPermGen       total 16384K, used 4412K [0x2b380000, 0x2c380000, 0x33380000)
  object space 16384K, 26% used [0x2b380000,0x2b7cf008,0x2c380000)
Event: 27.969 GC heap after
Heap after GC invocations=33 (full 7):
 PSYoungGen      total 451072K, used 177318K [0x888c0000, 0xb3380000, 0xb3380000)
  eden space 242432K, 0% used [0x888c0000,0x888c0000,0x97580000)
  from space 208640K, 84% used [0xa67c0000,0xb14e9a60,0xb3380000)
  to   space 228352K, 0% used [0x97580000,0x97580000,0xa5480000)
 ParOldGen       total 936704K, used 784351K [0x33380000, 0x6c640000, 0x888c0000)
  object space 936704K, 83% used [0x33380000,0x63177cb8,0x6c640000)
 PSPermGen       total 16384K, used 4412K [0x2b380000, 0x2c380000, 0x33380000)
  object space 16384K, 26% used [0x2b380000,0x2b7cf008,0x2c380000)
}
Event: 28.362 GC heap before
{Heap before GC invocations=34 (full 7):
 PSYoungGen      total 451072K, used 419750K [0x888c0000, 0xb3380000, 0xb3380000)
  eden space 242432K, 100% used [0x888c0000,0x97580000,0x97580000)
  from space 208640K, 84% used [0xa67c0000,0xb14e9a60,0xb3380000)
  to   space 228352K, 0% used [0x97580000,0x97580000,0xa5480000)
 ParOldGen       total 936704K, used 784351K [0x33380000, 0x6c640000, 0x888c0000)
  object space 936704K, 83% used [0x33380000,0x63177cb8,0x6c640000)
 PSPermGen       total 16384K, used 4413K [0x2b380000, 0x2c380000, 0x33380000)
  object space 16384K, 26% used [0x2b380000,0x2b7cf718,0x2c380000)
Event: 28.632 GC heap after
Heap after GC invocations=34 (full 7):
 PSYoungGen      total 451584K, used 209056K [0x888c0000, 0xb3380000, 0xb3380000)
  eden space 242432K, 0% used [0x888c0000,0x888c0000,0x97580000)
  from space 209152K, 99% used [0x97580000,0xa41a8020,0xa41c0000)
  to   space 232960K, 0% used [0xa5000000,0xa5000000,0xb3380000)
 ParOldGen       total 936704K, used 784351K [0x33380000, 0x6c640000, 0x888c0000)
  object space 936704K, 83% used [0x33380000,0x63177cb8,0x6c640000)
 PSPermGen       total 16384K, used 4413K [0x2b380000, 0x2c380000, 0x33380000)
  object space 16384K, 26% used [0x2b380000,0x2b7cf718,0x2c380000)
}
Event: 29.092 GC heap before
{Heap before GC invocations=35 (full 7):
 PSYoungGen      total 451584K, used 451488K [0x888c0000, 0xb3380000, 0xb3380000)
  eden space 242432K, 100% used [0x888c0000,0x97580000,0x97580000)
  from space 209152K, 99% used [0x97580000,0xa41a8020,0xa41c0000)
  to   space 232960K, 0% used [0xa5000000,0xa5000000,0xb3380000)
 ParOldGen       total 936704K, used 784351K [0x33380000, 0x6c640000, 0x888c0000)
  object space 936704K, 83% used [0x33380000,0x63177cb8,0x6c640000)
 PSPermGen       total 16384K, used 4483K [0x2b380000, 0x2c380000, 0x33380000)
  object space 16384K, 27% used [0x2b380000,0x2b7e0d00,0x2c380000)
Event: 29.450 GC heap after
Heap after GC invocations=35 (full 7):
 PSYoungGen      total 466176K, used 192803K [0x888c0000, 0xb3380000, 0xb3380000)
  eden space 233216K, 0% used [0x888c0000,0x888c0000,0x96c80000)
  from space 232960K, 82% used [0xa5000000,0xb0c48d98,0xb3380000)
  to   space 232960K, 0% used [0x96c80000,0x96c80000,0xa5000000)
 ParOldGen       total 936704K, used 835106K [0x33380000, 0x6c640000, 0x888c0000)
  object space 936704K, 89% used [0x33380000,0x66308b30,0x6c640000)
 PSPermGen       total 16384K, used 4483K [0x2b380000, 0x2c380000, 0x33380000)
  object space 16384K, 27% used [0x2b380000,0x2b7e0d00,0x2c380000)
}
Event: 29.945 GC heap before
{Heap before GC invocations=36 (full 7):
 PSYoungGen      total 466176K, used 426019K [0x888c0000, 0xb3380000, 0xb3380000)
  eden space 233216K, 100% used [0x888c0000,0x96c80000,0x96c80000)
  from space 232960K, 82% used [0xa5000000,0xb0c48d98,0xb3380000)
  to   space 232960K, 0% used [0x96c80000,0x96c80000,0xa5000000)
 ParOldGen       total 936704K, used 835106K [0x33380000, 0x6c640000, 0x888c0000)
  object space 936704K, 89% used [0x33380000,0x66308b30,0x6c640000)
 PSPermGen       total 16384K, used 4492K [0x2b380000, 0x2c380000, 0x33380000)
  object space 16384K, 27% used [0x2b380000,0x2b7e3050,0x2c380000)
Event: 30.291 GC heap after
Heap after GC invocations=36 (full 7):
 PSYoungGen      total 466176K, used 147964K [0x888c0000, 0xb3380000, 0xb3380000)
  eden space 233216K, 0% used [0x888c0000,0x888c0000,0x96c80000)
  from space 232960K, 63% used [0x96c80000,0x9fcff108,0xa5000000)
  to   space 232960K, 0% used [0xa5000000,0xa5000000,0xb3380000)
 ParOldGen       total 936704K, used 915528K [0x33380000, 0x6c640000, 0x888c0000)
  object space 936704K, 97% used [0x33380000,0x6b1920f0,0x6c640000)
 PSPermGen       total 16384K, used 4492K [0x2b380000, 0x2c380000, 0x33380000)
  object space 16384K, 27% used [0x2b380000,0x2b7e3050,0x2c380000)
}
Event: 30.291 GC heap before
{Heap before GC invocations=37 (full 8):
 PSYoungGen      total 466176K, used 147964K [0x888c0000, 0xb3380000, 0xb3380000)
  eden space 233216K, 0% used [0x888c0000,0x888c0000,0x96c80000)
  from space 232960K, 63% used [0x96c80000,0x9fcff108,0xa5000000)
  to   space 232960K, 0% used [0xa5000000,0xa5000000,0xb3380000)
 ParOldGen       total 936704K, used 915528K [0x33380000, 0x6c640000, 0x888c0000)
  object space 936704K, 97% used [0x33380000,0x6b1920f0,0x6c640000)
 PSPermGen       total 16384K, used 4492K [0x2b380000, 0x2c380000, 0x33380000)
  object space 16384K, 27% used [0x2b380000,0x2b7e3050,0x2c380000)

Deoptimization events (10 events):
Event: 28.999 Thread 0x24d53400 Uncommon trap: reason=null_check action=make_not_entrant pc=0xb36ba940 method=com.android.dx.rop.cst.CstString.equals(Ljava/lang/Object;)Z @ 1
Event: 29.491 Thread 0x255f8000 Uncommon trap: reason=class_check action=maybe_recompile pc=0xb37eb66c method=com.android.dx.dex.file.OffsettedItem.equals(Ljava/lang/Object;)Z @ 13
Event: 29.491 Thread 0x255f8000 Uncommon trap: reason=class_check action=maybe_recompile pc=0xb37eb66c method=com.android.dx.dex.file.OffsettedItem.equals(Ljava/lang/Object;)Z @ 13
Event: 29.491 Thread 0x255f8000 Uncommon trap: reason=class_check action=maybe_recompile pc=0xb37eb66c method=com.android.dx.dex.file.OffsettedItem.equals(Ljava/lang/Object;)Z @ 13
Event: 29.491 Thread 0x255f8000 Uncommon trap: reason=class_check action=maybe_recompile pc=0xb37eb66c method=com.android.dx.dex.file.OffsettedItem.equals(Ljava/lang/Object;)Z @ 13
Event: 29.561 Thread 0x255f8000 Uncommon trap: reason=unreached action=reinterpret pc=0xb38a5bb0 method=com.android.dx.dex.file.MemberIdsSection.orderItems()V @ 44
Event: 29.868 Thread 0x255f8000 Uncommon trap: reason=bimorphic action=maybe_recompile pc=0xb38e10f4 method=com.android.dx.dex.file.UniformItemSection.prepare0()V @ 40
Event: 29.872 Thread 0x255f8000 Uncommon trap: reason=bimorphic action=maybe_recompile pc=0xb38e10f4 method=com.android.dx.dex.file.UniformItemSection.prepare0()V @ 40
Event: 29.876 Thread 0x255f8000 Uncommon trap: reason=bimorphic action=maybe_recompile pc=0xb38e10f4 method=com.android.dx.dex.file.UniformItemSection.prepare0()V @ 40
Event: 29.880 Thread 0x255f8000 Uncommon trap: reason=bimorphic action=maybe_recompile pc=0xb38e10f4 method=com.android.dx.dex.file.UniformItemSection.prepare0()V @ 40

Internal exceptions (10 events):
Event: 14.638 Thread 0x24d53400 Implicit null exception at 0xb354b912 to 0xb354bbd5
Event: 16.497 Thread 0x24d46000 Implicit null exception at 0xb363b2c5 to 0xb363c185
Event: 20.886 Thread 0x24d55400 Threw 0x986d94e8 at /build/openjdk-7-OKGHM_/openjdk-7-7u79-2.5.6/build/openjdk/hotspot/src/share/vm/prims/jvm.cpp:1284
Event: 20.899 Thread 0x24d55400 Threw 0x987a34c0 at /build/openjdk-7-OKGHM_/openjdk-7-7u79-2.5.6/build/openjdk/hotspot/src/share/vm/prims/jvm.cpp:1284
Event: 27.292 Thread 0xb6507c00 Threw 0x8f053c80 at /build/openjdk-7-OKGHM_/openjdk-7-7u79-2.5.6/build/openjdk/hotspot/src/share/vm/prims/jvm.cpp:1284
Event: 27.326 Thread 0x255f8000 Threw 0x8f4e3ea0 at /build/openjdk-7-OKGHM_/openjdk-7-7u79-2.5.6/build/openjdk/hotspot/src/share/vm/prims/jvm.cpp:1284
Event: 27.639 Thread 0x255f8000 Threw 0x972985c0 at /build/openjdk-7-OKGHM_/openjdk-7-7u79-2.5.6/build/openjdk/hotspot/src/share/vm/prims/jvm.cpp:1284
Event: 28.999 Thread 0x24d53400 Implicit null exception at 0xb36ba857 to 0xb36ba933
Event: 29.561 Thread 0x255f8000 Implicit null exception at 0xb38a5ac0 to 0xb38a5b95
Event: 29.562 Thread 0x255f8000 Threw 0x8b222d40 at /build/openjdk-7-OKGHM_/openjdk-7-7u79-2.5.6/build/openjdk/hotspot/src/share/vm/prims/jvm.cpp:1284

Events (10 events):
Event: 29.872 Thread 0x255f8000 Uncommon trap: trap_request=0xffffffc6 fr.pc=0xb38e10f4
Event: 29.872 Thread 0x255f8000 DEOPT PACKING pc=0xb38e10f4 sp=0x247eda80
Event: 29.872 Thread 0x255f8000 DEOPT UNPACKING pc=0xb34a9bc8 sp=0x247eda94 mode 2
Event: 29.876 Thread 0x255f8000 Uncommon trap: trap_request=0xffffffc6 fr.pc=0xb38e10f4
Event: 29.876 Thread 0x255f8000 DEOPT PACKING pc=0xb38e10f4 sp=0x247eda80
Event: 29.876 Thread 0x255f8000 DEOPT UNPACKING pc=0xb34a9bc8 sp=0x247eda94 mode 2
Event: 29.880 Thread 0x255f8000 Uncommon trap: trap_request=0xffffffc6 fr.pc=0xb38e10f4
Event: 29.880 Thread 0x255f8000 DEOPT PACKING pc=0xb38e10f4 sp=0x247eda80
Event: 29.880 Thread 0x255f8000 DEOPT UNPACKING pc=0xb34a9bc8 sp=0x247eda94 mode 2
Event: 29.943 Executing VM operation: ParallelGCFailedAllocation


Dynamic libraries:
08048000-08049000 r-xp 00000000 08:01 4729858    /usr/lib/jvm/java-7-openjdk-i386/jre/bin/java
08049000-0804a000 r--p 00000000 08:01 4729858    /usr/lib/jvm/java-7-openjdk-i386/jre/bin/java
0804a000-0804b000 rw-p 00001000 08:01 4729858    /usr/lib/jvm/java-7-openjdk-i386/jre/bin/java
08c94000-08e14000 rw-p 00000000 00:00 0          [heap]
22000000-22100000 rw-p 00000000 00:00 0 
22200000-2229f000 rw-p 00000000 00:00 0 
2229f000-22300000 ---p 00000000 00:00 0 
22400000-22500000 rw-p 00000000 00:00 0 
22600000-22800000 rw-p 00000000 00:00 0 
22800000-22900000 rw-p 00000000 00:00 0 
22a00000-22afe000 rw-p 00000000 00:00 0 
22afe000-22b00000 ---p 00000000 00:00 0 
22c00000-22cd1000 rw-p 00000000 00:00 0 
22cd1000-22d00000 ---p 00000000 00:00 0 
22d00000-22dff000 rw-p 00000000 00:00 0 
22dff000-22e00000 ---p 00000000 00:00 0 
22e00000-22eff000 rw-p 00000000 00:00 0 
22eff000-22f00000 ---p 00000000 00:00 0 
22f00000-22ff4000 rw-p 00000000 00:00 0 
22ff4000-23000000 ---p 00000000 00:00 0 
23000000-230e9000 rw-p 00000000 00:00 0 
230e9000-23100000 ---p 00000000 00:00 0 
23100000-231d2000 rw-p 00000000 00:00 0 
231d2000-23200000 ---p 00000000 00:00 0 
23200000-232fd000 rw-p 00000000 00:00 0 
232fd000-23300000 ---p 00000000 00:00 0 
23400000-234f9000 rw-p 00000000 00:00 0 
234f9000-23500000 ---p 00000000 00:00 0 
23500000-235fd000 rw-p 00000000 00:00 0 
235fd000-23600000 ---p 00000000 00:00 0 
23600000-236f4000 rw-p 00000000 00:00 0 
236f4000-23700000 ---p 00000000 00:00 0 
23800000-23900000 rw-p 00000000 00:00 0 
23a00000-23af5000 rw-p 00000000 00:00 0 
23af5000-23b00000 ---p 00000000 00:00 0 
23b00000-23bf9000 rw-p 00000000 00:00 0 
23bf9000-23c00000 ---p 00000000 00:00 0 
23c00000-23cfe000 rw-p 00000000 00:00 0 
23cfe000-23d00000 ---p 00000000 00:00 0 
23e00000-23efe000 rw-p 00000000 00:00 0 
23efe000-23f00000 ---p 00000000 00:00 0 
23f00000-23ffd000 rw-p 00000000 00:00 0 
23ffd000-24000000 ---p 00000000 00:00 0 
24000000-240e5000 rw-p 00000000 00:00 0 
240e5000-24100000 ---p 00000000 00:00 0 
24100000-241f9000 rw-p 00000000 00:00 0 
241f9000-24200000 ---p 00000000 00:00 0 
24200000-242fc000 rw-p 00000000 00:00 0 
242fc000-24300000 ---p 00000000 00:00 0 
24300000-243fa000 rw-p 00000000 00:00 0 
243fa000-24400000 ---p 00000000 00:00 0 
24400000-24500000 rw-p 00000000 00:00 0 
24600000-246fe000 rw-p 00000000 00:00 0 
246fe000-24700000 ---p 00000000 00:00 0 
2479e000-247a1000 ---p 00000000 00:00 0 
247a1000-247ef000 rw-p 00000000 00:00 0 
247ef000-247f2000 ---p 00000000 00:00 0 
247f2000-24840000 rw-p 00000000 00:00 0 
24840000-24843000 ---p 00000000 00:00 0 
24843000-24891000 rw-p 00000000 00:00 0 
24891000-24894000 ---p 00000000 00:00 0 
24894000-248e2000 rw-p 00000000 00:00 0 
248e2000-248e5000 ---p 00000000 00:00 0 
248e5000-24933000 rw-p 00000000 00:00 0 
24933000-24936000 ---p 00000000 00:00 0 
24936000-24984000 rw-p 00000000 00:00 0 
24984000-249be000 r-xp 00000000 08:01 2753512    /lib/i386-linux-gnu/libpcre.so.3.12.1
249be000-249bf000 r--p 00039000 08:01 2753512    /lib/i386-linux-gnu/libpcre.so.3.12.1
249bf000-249c0000 rw-p 0003a000 08:01 2753512    /lib/i386-linux-gnu/libpcre.so.3.12.1
249c0000-24ab7000 r-xp 00000000 08:01 2753464    /lib/i386-linux-gnu/libglib-2.0.so.0.3200.1
24ab7000-24ab8000 r--p 000f6000 08:01 2753464    /lib/i386-linux-gnu/libglib-2.0.so.0.3200.1
24ab8000-24ab9000 rw-p 000f7000 08:01 2753464    /lib/i386-linux-gnu/libglib-2.0.so.0.3200.1
24ab9000-24c0c000 r-xp 00000000 08:01 4723356    /usr/lib/i386-linux-gnu/libgio-2.0.so.0.3200.1
24c0c000-24c0d000 ---p 00153000 08:01 4723356    /usr/lib/i386-linux-gnu/libgio-2.0.so.0.3200.1
24c0d000-24c0f000 r--p 00153000 08:01 4723356    /usr/lib/i386-linux-gnu/libgio-2.0.so.0.3200.1
24c0f000-24c10000 rw-p 00155000 08:01 4723356    /usr/lib/i386-linux-gnu/libgio-2.0.so.0.3200.1
24c10000-24c11000 rw-p 00000000 00:00 0 
24c11000-24d00000 r--s 00c5c000 08:01 2161196    /home/hungama/Android softwares/Android Studio workspace/MyPlayDriveV4.6/app/build/intermediates/transforms/jarMerging/spa/releasetest/jars/1/1f/combined.jar
24d00000-24e00000 rw-p 00000000 00:00 0 
24e14000-24e27000 r-xp 00000000 08:01 2753523    /lib/i386-linux-gnu/libresolv-2.15.so
24e27000-24e28000 ---p 00013000 08:01 2753523    /lib/i386-linux-gnu/libresolv-2.15.so
24e28000-24e29000 r--p 00013000 08:01 2753523    /lib/i386-linux-gnu/libresolv-2.15.so
24e29000-24e2a000 rw-p 00014000 08:01 2753523    /lib/i386-linux-gnu/libresolv-2.15.so
24e2a000-24e2c000 rw-p 00000000 00:00 0 
24e2c000-24e49000 r-xp 00000000 08:01 2753527    /lib/i386-linux-gnu/libselinux.so.1
24e49000-24e4a000 r--p 0001c000 08:01 2753527    /lib/i386-linux-gnu/libselinux.so.1
24e4a000-24e4b000 rw-p 0001d000 08:01 2753527    /lib/i386-linux-gnu/libselinux.so.1
24e4b000-24e98000 r-xp 00000000 08:01 4723380    /usr/lib/i386-linux-gnu/libgobject-2.0.so.0.3200.1
24e98000-24e99000 r--p 0004c000 08:01 4723380    /usr/lib/i386-linux-gnu/libgobject-2.0.so.0.3200.1
24e99000-24e9a000 rw-p 0004d000 08:01 4723380    /usr/lib/i386-linux-gnu/libgobject-2.0.so.0.3200.1
24eaf000-24ec6000 r-xp 00000000 08:01 4729790    /usr/lib/jvm/java-7-openjdk-i386/jre/lib/i386/libnet.so
24ec6000-24ec7000 r--p 00016000 08:01 4729790    /usr/lib/jvm/java-7-openjdk-i386/jre/lib/i386/libnet.so
24ec7000-24ec8000 rw-p 00017000 08:01 4729790    /usr/lib/jvm/java-7-openjdk-i386/jre/lib/i386/libnet.so
24ec8000-24ed9000 r-xp 00000000 08:01 4729795    /usr/lib/jvm/java-7-openjdk-i386/jre/lib/i386/libnio.so
24ed9000-24eda000 r--p 00010000 08:01 4729795    /usr/lib/jvm/java-7-openjdk-i386/jre/lib/i386/libnio.so
24eda000-24edb000 rw-p 00011000 08:01 4729795    /usr/lib/jvm/java-7-openjdk-i386/jre/lib/i386/libnio.so
24edb000-24edc000 ---p 00000000 00:00 0 
24edc000-24f5c000 rw-p 00000000 00:00 0 
24f5c000-24f5f000 ---p 00000000 00:00 0 
24f5f000-24fad000 rw-p 00000000 00:00 0 
24fad000-24fb0000 ---p 00000000 00:00 0 
24fb0000-2502e000 rw-p 00000000 00:00 0 
2502e000-25031000 ---p 00000000 00:00 0 
25031000-250af000 rw-p 00000000 00:00 0 
250af000-250b2000 ---p 00000000 00:00 0 
250b2000-25100000 rw-p 00000000 00:00 0 
25100000-25300000 r--p 00000000 08:01 4725822    /usr/lib/locale/locale-archive
25300000-253f7000 rw-p 00000000 00:00 0 
253f7000-25400000 ---p 00000000 00:00 0 
25400000-25427000 rw-p 00000000 00:00 0 
25427000-25500000 ---p 00000000 00:00 0 
25500000-255fb000 rw-p 00000000 00:00 0 
255fb000-25600000 ---p 00000000 00:00 0 
25605000-25606000 ---p 00000000 00:00 0 
25606000-256cf000 rw-p 00000000 00:00 0 
256cf000-25880000 r--s 01d29000 08:01 4729604    /usr/lib/jvm/java-7-openjdk-i386/jre/lib/rt.jar
25880000-2a500000 rw-p 00000000 00:00 0 
2a500000-2a5f8000 rw-p 00000000 00:00 0 
2a5f8000-2a600000 ---p 00000000 00:00 0 
2a62e000-2a631000 ---p 00000000 00:00 0 
2a631000-2a67f000 rw-p 00000000 00:00 0 
2a67f000-2a680000 ---p 00000000 00:00 0 
2a680000-2a700000 rw-p 00000000 00:00 0 
2a700000-2a764000 rw-p 00000000 00:00 0 
2a764000-2a800000 ---p 00000000 00:00 0 
2a800000-2a868000 rw-p 00000000 00:00 0 
2a868000-2a900000 ---p 00000000 00:00 0 
2a905000-2a90a000 r-xp 00000000 08:01 4723319    /usr/lib/i386-linux-gnu/libffi.so.6.0.0
2a90a000-2a90b000 r--p 00004000 08:01 4723319    /usr/lib/i386-linux-gnu/libffi.so.6.0.0
2a90b000-2a90c000 rw-p 00005000 08:01 4723319    /usr/lib/i386-linux-gnu/libffi.so.6.0.0
2a90c000-2a90f000 r-xp 00000000 08:01 4723366    /usr/lib/i386-linux-gnu/libgmodule-2.0.so.0.3200.1
2a90f000-2a910000 r--p 00002000 08:01 4723366    /usr/lib/i386-linux-gnu/libgmodule-2.0.so.0.3200.1
2a910000-2a911000 rw-p 00003000 08:01 4723366    /usr/lib/i386-linux-gnu/libgmodule-2.0.so.0.3200.1
2a911000-2a920000 r--s 000df000 08:01 6032747    /home/hungama/Android/Sdk/build-tools/23.0.1/lib/dx.jar
2a920000-2a924000 r--s 0003c000 08:01 4729810    /usr/lib/jvm/java-7-openjdk-i386/jre/lib/ext/sunpkcs11.jar
2a924000-2a97f000 rw-p 00000000 00:00 0 
2a97f000-2a980000 ---p 00000000 00:00 0 
2a980000-2aa00000 rw-p 00000000 00:00 0 
2aa00000-2aa4a000 rw-p 00000000 00:00 0 
2aa4a000-2ab00000 ---p 00000000 00:00 0 
2ab01000-2ab04000 ---p 00000000 00:00 0 
2ab04000-2ab52000 rw-p 00000000 00:00 0 
2ab52000-2ab53000 ---p 00000000 00:00 0 
2ab53000-2abd3000 rw-p 00000000 00:00 0 
2abd3000-2abd4000 ---p 00000000 00:00 0 
2abd4000-2ac5c000 rw-p 00000000 00:00 0 
2ac5c000-2ac94000 rw-p 00000000 00:00 0 
2ac94000-2ae5e000 rw-p 00000000 00:00 0 
2ae5e000-2af3f000 rw-p 00000000 00:00 0 
2af3f000-2af47000 rw-p 00000000 00:00 0 
2af47000-2af7f000 rw-p 00000000 00:00 0 
2af7f000-2b149000 rw-p 00000000 00:00 0 
2b149000-2b229000 rw-p 00000000 00:00 0 
2b229000-2b37f000 rw-p 00000000 00:00 0 
2b37f000-2c380000 rw-p 00000000 00:00 0 
2c380000-33380000 rw-p 00000000 00:00 0 
33380000-6c640000 rw-p 00000000 00:00 0 
7c540000-888c0000 rw-p 00000000 00:00 0 
888c0000-b3380000 rw-p 00000000 00:00 0 
b3382000-b3386000 r--s 00034000 08:01 4729808    /usr/lib/jvm/java-7-openjdk-i386/jre/lib/ext/sunjce_provider.jar
b3386000-b338a000 r--s 00085000 08:01 4729806    /usr/lib/jvm/java-7-openjdk-i386/jre/lib/ext/localedata.jar
b338a000-b33cf000 rw-p 00000000 00:00 0 
b33cf000-b347d000 rw-p 00000000 00:00 0 
b347d000-b38ed000 rwxp 00000000 00:00 0 
b38ed000-b647d000 rw-p 00000000 00:00 0 
b647d000-b6488000 r-xp 00000000 08:01 2753490    /lib/i386-linux-gnu/libnss_files-2.15.so
b6488000-b6489000 r--p 0000a000 08:01 2753490    /lib/i386-linux-gnu/libnss_files-2.15.so
b6489000-b648a000 rw-p 0000b000 08:01 2753490    /lib/i386-linux-gnu/libnss_files-2.15.so
b648a000-b6494000 r-xp 00000000 08:01 2753494    /lib/i386-linux-gnu/libnss_nis-2.15.so
b6494000-b6495000 r--p 00009000 08:01 2753494    /lib/i386-linux-gnu/libnss_nis-2.15.so
b6495000-b6496000 rw-p 0000a000 08:01 2753494    /lib/i386-linux-gnu/libnss_nis-2.15.so
b6496000-b64ac000 r-xp 00000000 08:01 2753484    /lib/i386-linux-gnu/libnsl-2.15.so
b64ac000-b64ad000 r--p 00015000 08:01 2753484    /lib/i386-linux-gnu/libnsl-2.15.so
b64ad000-b64ae000 rw-p 00016000 08:01 2753484    /lib/i386-linux-gnu/libnsl-2.15.so
b64ae000-b64b0000 rw-p 00000000 00:00 0 
b64b0000-b64b7000 r-xp 00000000 08:01 2753486    /lib/i386-linux-gnu/libnss_compat-2.15.so
b64b7000-b64b8000 r--p 00006000 08:01 2753486    /lib/i386-linux-gnu/libnss_compat-2.15.so
b64b8000-b64b9000 rw-p 00007000 08:01 2753486    /lib/i386-linux-gnu/libnss_compat-2.15.so
b64b9000-b64bc000 r--s 0000f000 08:01 4729811    /usr/lib/jvm/java-7-openjdk-i386/jre/lib/ext/icedtea-sound.jar
b64bc000-b64c4000 r-xp 00000000 08:01 4729761    /usr/lib/jvm/java-7-openjdk-i386/jre/lib/i386/libzip.so
b64c4000-b64c5000 r--p 00007000 08:01 4729761    /usr/lib/jvm/java-7-openjdk-i386/jre/lib/i386/libzip.so
b64c5000-b64c6000 rw-p 00008000 08:01 4729761    /usr/lib/jvm/java-7-openjdk-i386/jre/lib/i386/libzip.so
b64c6000-b64ce000 rw-s 00000000 08:01 4615403    /tmp/hsperfdata_hungama/9812
b64ce000-b64f5000 r-xp 00000000 08:01 4729800    /usr/lib/jvm/java-7-openjdk-i386/jre/lib/i386/libjava.so
b64f5000-b64f6000 r--p 00026000 08:01 4729800    /usr/lib/jvm/java-7-openjdk-i386/jre/lib/i386/libjava.so
b64f6000-b64f7000 rw-p 00027000 08:01 4729800    /usr/lib/jvm/java-7-openjdk-i386/jre/lib/i386/libjava.so
b64f7000-b64fe000 r-xp 00000000 08:01 2753525    /lib/i386-linux-gnu/librt-2.15.so
b64fe000-b64ff000 r--p 00006000 08:01 2753525    /lib/i386-linux-gnu/librt-2.15.so
b64ff000-b6500000 rw-p 00007000 08:01 2753525    /lib/i386-linux-gnu/librt-2.15.so
b6500000-b6600000 rw-p 00000000 00:00 0 
b6602000-b6605000 ---p 00000000 00:00 0 
b6605000-b6653000 rw-p 00000000 00:00 0 
b6653000-b666f000 r-xp 00000000 08:01 2753460    /lib/i386-linux-gnu/libgcc_s.so.1
b666f000-b6670000 r--p 0001b000 08:01 2753460    /lib/i386-linux-gnu/libgcc_s.so.1
b6670000-b6671000 rw-p 0001c000 08:01 2753460    /lib/i386-linux-gnu/libgcc_s.so.1
b6671000-b669b000 r-xp 00000000 08:01 2753471    /lib/i386-linux-gnu/libm-2.15.so
b669b000-b669c000 r--p 00029000 08:01 2753471    /lib/i386-linux-gnu/libm-2.15.so
b669c000-b669d000 rw-p 0002a000 08:01 2753471    /lib/i386-linux-gnu/libm-2.15.so
b669d000-b6775000 r-xp 00000000 08:01 4723661    /usr/lib/i386-linux-gnu/libstdc++.so.6.0.16
b6775000-b6776000 ---p 000d8000 08:01 4723661    /usr/lib/i386-linux-gnu/libstdc++.so.6.0.16
b6776000-b677a000 r--p 000d8000 08:01 4723661    /usr/lib/i386-linux-gnu/libstdc++.so.6.0.16
b677a000-b677b000 rw-p 000dc000 08:01 4723661    /usr/lib/i386-linux-gnu/libstdc++.so.6.0.16
b677b000-b6782000 rw-p 00000000 00:00 0 
b6782000-b7145000 r-xp 00000000 08:01 4729768    /usr/lib/jvm/java-7-openjdk-i386/jre/lib/i386/server/libjvm.so
b7145000-b719a000 r--p 009c3000 08:01 4729768    /usr/lib/jvm/java-7-openjdk-i386/jre/lib/i386/server/libjvm.so
b719a000-b71ae000 rw-p 00a18000 08:01 4729768    /usr/lib/jvm/java-7-openjdk-i386/jre/lib/i386/server/libjvm.so
b71ae000-b75cc000 rw-p 00000000 00:00 0 
b75cc000-b75e0000 r-xp 00000000 08:01 2753550    /lib/i386-linux-gnu/libz.so.1.2.3.4
b75e0000-b75e1000 r--p 00013000 08:01 2753550    /lib/i386-linux-gnu/libz.so.1.2.3.4
b75e1000-b75e2000 rw-p 00014000 08:01 2753550    /lib/i386-linux-gnu/libz.so.1.2.3.4
b75e2000-b75f9000 r-xp 00000000 08:01 2753519    /lib/i386-linux-gnu/libpthread-2.15.so
b75f9000-b75fa000 r--p 00016000 08:01 2753519    /lib/i386-linux-gnu/libpthread-2.15.so
b75fa000-b75fb000 rw-p 00017000 08:01 2753519    /lib/i386-linux-gnu/libpthread-2.15.so
b75fb000-b75fd000 rw-p 00000000 00:00 0 
b75fd000-b7600000 r-xp 00000000 08:01 2753452    /lib/i386-linux-gnu/libdl-2.15.so
b7600000-b7601000 r--p 00002000 08:01 2753452    /lib/i386-linux-gnu/libdl-2.15.so
b7601000-b7602000 rw-p 00003000 08:01 2753452    /lib/i386-linux-gnu/libdl-2.15.so
b7602000-b77a1000 r-xp 00000000 08:01 2753439    /lib/i386-linux-gnu/libc-2.15.so
b77a1000-b77a3000 r--p 0019f000 08:01 2753439    /lib/i386-linux-gnu/libc-2.15.so
b77a3000-b77a4000 rw-p 001a1000 08:01 2753439    /lib/i386-linux-gnu/libc-2.15.so
b77a4000-b77a7000 rw-p 00000000 00:00 0 
b77a7000-b77a8000 r--s 00002000 08:01 4729807    /usr/lib/jvm/java-7-openjdk-i386/jre/lib/ext/dnsns.jar
b77a8000-b77a9000 r--s 00007000 08:01 4989124    /usr/share/java/java-atk-wrapper.jar
b77a9000-b77ab000 r--s 00012000 08:01 4729812    /usr/lib/jvm/java-7-openjdk-i386/jre/lib/ext/zipfs.jar
b77ab000-b77ac000 r--p 005db000 08:01 4725822    /usr/lib/locale/locale-archive
b77ac000-b77ad000 rw-p 00000000 00:00 0 
b77ad000-b77ae000 ---p 00000000 00:00 0 
b77ae000-b77ba000 r-xp 00000000 08:01 4729780    /usr/lib/jvm/java-7-openjdk-i386/jre/lib/i386/libverify.so
b77ba000-b77bb000 r--p 0000b000 08:01 4729780    /usr/lib/jvm/java-7-openjdk-i386/jre/lib/i386/libverify.so
b77bb000-b77bc000 rw-p 0000c000 08:01 4729780    /usr/lib/jvm/java-7-openjdk-i386/jre/lib/i386/libverify.so
b77bc000-b77c9000 r-xp 00000000 08:01 4729765    /usr/lib/jvm/java-7-openjdk-i386/jre/lib/i386/jli/libjli.so
b77c9000-b77ca000 r--p 0000c000 08:01 4729765    /usr/lib/jvm/java-7-openjdk-i386/jre/lib/i386/jli/libjli.so
b77ca000-b77cb000 rw-p 0000d000 08:01 4729765    /usr/lib/jvm/java-7-openjdk-i386/jre/lib/i386/jli/libjli.so
b77cb000-b77ce000 rw-p 00000000 00:00 0 
b77ce000-b77cf000 r-xp 00000000 00:00 0          [vdso]
b77cf000-b77ef000 r-xp 00000000 08:01 2753419    /lib/i386-linux-gnu/ld-2.15.so
b77ef000-b77f0000 r--p 0001f000 08:01 2753419    /lib/i386-linux-gnu/ld-2.15.so
b77f0000-b77f1000 rw-p 00020000 08:01 2753419    /lib/i386-linux-gnu/ld-2.15.so
bff9b000-bff9c000 rwxp 00000000 00:00 0 
bffce000-bffef000 rw-p 00000000 00:00 0          [stack]

VM Arguments:
jvm_args: -Djava.awt.headless=true -Xmx2048M -Dfile.encoding=UTF-8 -Duser.country=IN -Duser.language=en -Duser.variant 
java_command: com.android.dx.command.Main --dex --num-threads=4 --multi-dex --main-dex-list /home/hungama/Android softwares/Android Studio workspace/MyPlayDriveV4.6/app/build/intermediates/multi-dex/spa/releasetest/maindexlist.txt --output /home/hungama/Android softwares/Android Studio workspace/MyPlayDriveV4.6/app/build/intermediates/transforms/dex/spa/releasetest/folders/1000/1f/main /home/hungama/Android softwares/Android Studio workspace/MyPlayDriveV4.6/app/build/intermediates/transforms/jarMerging/spa/releasetest/jars/1/1f/combined.jar
Launcher Type: SUN_STANDARD

Environment Variables:
JAVA_HOME=/usr/lib/jvm/java-1.7.0-openjdk-i386
PATH=/usr/lib/lightdm/lightdm:/usr/local/sbin:/usr/local/bin:/usr/sbin:/usr/bin:/sbin:/bin:/usr/games
LD_LIBRARY_PATH=/home/hungama/Android softwares/android-studio_1.4/bin:
SHELL=/bin/bash
DISPLAY=:0.0

Signal Handlers:
SIGSEGV: [libjvm.so+0x80b960], sa_mask[0]=0x7ffbfeff, sa_flags=0x10000004
SIGBUS: [libjvm.so+0x80b960], sa_mask[0]=0x7ffbfeff, sa_flags=0x10000004
SIGFPE: [libjvm.so+0x6756b0], sa_mask[0]=0x7ffbfeff, sa_flags=0x10000004
SIGPIPE: [libjvm.so+0x6756b0], sa_mask[0]=0x7ffbfeff, sa_flags=0x10000004
SIGXFSZ: [libjvm.so+0x6756b0], sa_mask[0]=0x7ffbfeff, sa_flags=0x10000004
SIGILL: [libjvm.so+0x6756b0], sa_mask[0]=0x7ffbfeff, sa_flags=0x10000004
SIGUSR1: SIG_DFL, sa_mask[0]=0x00000000, sa_flags=0x00000000
SIGUSR2: [libjvm.so+0x675990], sa_mask[0]=0x00000004, sa_flags=0x10000004
SIGHUP: [libjvm.so+0x675b50], sa_mask[0]=0x7ffbfeff, sa_flags=0x10000004
SIGINT: [libjvm.so+0x675b50], sa_mask[0]=0x7ffbfeff, sa_flags=0x10000004
SIGTERM: [libjvm.so+0x675b50], sa_mask[0]=0x7ffbfeff, sa_flags=0x10000004
SIGQUIT: [libjvm.so+0x675b50], sa_mask[0]=0x7ffbfeff, sa_flags=0x10000004
SIGTRAP: SIG_DFL, sa_mask[0]=0x00000000, sa_flags=0x00000000


---------------  S Y S T E M  ---------------

OS:Ubuntu 12.04 (precise)
uname:Linux 3.2.0-23-generic-pae #36-Ubuntu SMP Tue Apr 10 22:19:09 UTC 2012 i686
libc:glibc 2.15 NPTL 2.15 
rlimit: STACK 8192k, CORE 0k, NPROC 62330, NOFILE 4096, AS infinity
load average:3.48 2.60 2.00

/proc/meminfo:
MemTotal:        7992872 kB
MemFree:          413980 kB
Buffers:           97992 kB
Cached:           193372 kB
SwapCached:            0 kB
Active:          7131932 kB
Inactive:         172236 kB
Active(anon):    7014468 kB
Inactive(anon):    69820 kB
Active(file):     117464 kB
Inactive(file):   102416 kB
Unevictable:         140 kB
Mlocked:             140 kB
HighTotal:       7195144 kB
HighFree:          97384 kB
LowTotal:         797728 kB
LowFree:          316596 kB
SwapTotal:             0 kB
SwapFree:              0 kB
Dirty:               392 kB
Writeback:             0 kB
AnonPages:       7013360 kB
Mapped:           120804 kB
Shmem:             71288 kB
Slab:              74508 kB
SReclaimable:      48524 kB
SUnreclaim:        25984 kB
KernelStack:        5576 kB
PageTables:        27656 kB
NFS_Unstable:          0 kB
Bounce:                0 kB
WritebackTmp:          0 kB
CommitLimit:     3996436 kB
Committed_AS:   12284764 kB
VmallocTotal:     122880 kB
VmallocUsed:       16432 kB
VmallocChunk:      97584 kB
HardwareCorrupted:     0 kB
AnonHugePages:         0 kB
HugePages_Total:       0
HugePages_Free:        0
HugePages_Rsvd:        0
HugePages_Surp:        0
Hugepagesize:       2048 kB
DirectMap4k:        8184 kB
DirectMap2M:      905216 kB


CPU:total 4 (4 cores per cpu, 1 threads per core) family 21 model 2 stepping 0, cmov, cx8, fxsr, mmx, sse, sse2, sse3, ssse3, sse4.1, sse4.2, popcnt, avx, aes, mmxext, 3dnowpref, lzcnt, sse4a, tsc, tscinvbit, tscinv

/proc/cpuinfo:
processor	: 0
vendor_id	: AuthenticAMD
cpu family	: 21
model		: 2
model name	: AMD FX(tm)-4300 Quad-Core Processor            
stepping	: 0
microcode	: 0x600081c
cpu MHz		: 1400.000
cache size	: 2048 KB
physical id	: 0
siblings	: 4
core id		: 0
cpu cores	: 2
apicid		: 0
initial apicid	: 0
fdiv_bug	: no
hlt_bug		: no
f00f_bug	: no
coma_bug	: no
fpu		: yes
fpu_exception	: yes
cpuid level	: 13
wp		: yes
flags		: fpu vme de pse tsc msr pae mce cx8 apic sep mtrr pge mca cmov pat pse36 clflush mmx fxsr sse sse2 ht syscall nx mmxext fxsr_opt pdpe1gb rdtscp lm constant_tsc nonstop_tsc extd_apicid aperfmperf pni pclmulqdq monitor ssse3 fma cx16 sse4_1 sse4_2 popcnt aes xsave avx f16c lahf_lm cmp_legacy svm extapic cr8_legacy abm sse4a misalignsse 3dnowprefetch osvw ibs xop skinit wdt lwp fma4 tce nodeid_msr tbm topoext perfctr_core arat cpb npt lbrv svm_lock nrip_save tsc_scale vmcb_clean flushbyasid decodeassists pausefilter pfthreshold bmi1
bogomips	: 7634.48
clflush size	: 64
cache_alignment	: 64
address sizes	: 48 bits physical, 48 bits virtual
power management: ts ttp tm 100mhzsteps hwpstate cpb eff_freq_ro

processor	: 1
vendor_id	: AuthenticAMD
cpu family	: 21
model		: 2
model name	: AMD FX(tm)-4300 Quad-Core Processor            
stepping	: 0
microcode	: 0x600081c
cpu MHz		: 1400.000
cache size	: 2048 KB
physical id	: 0
siblings	: 4
core id		: 1
cpu cores	: 2
apicid		: 1
initial apicid	: 1
fdiv_bug	: no
hlt_bug		: no
f00f_bug	: no
coma_bug	: no
fpu		: yes
fpu_exception	: yes
cpuid level	: 13
wp		: yes
flags		: fpu vme de pse tsc msr pae mce cx8 apic sep mtrr pge mca cmov pat pse36 clflush mmx fxsr sse sse2 ht syscall nx mmxext fxsr_opt pdpe1gb rdtscp lm constant_tsc nonstop_tsc extd_apicid aperfmperf pni pclmulqdq monitor ssse3 fma cx16 sse4_1 sse4_2 popcnt aes xsave avx f16c lahf_lm cmp_legacy svm extapic cr8_legacy abm sse4a misalignsse 3dnowprefetch osvw ibs xop skinit wdt lwp fma4 tce nodeid_msr tbm topoext perfctr_core arat cpb npt lbrv svm_lock nrip_save tsc_scale vmcb_clean flushbyasid decodeassists pausefilter pfthreshold bmi1
bogomips	: 7634.10
clflush size	: 64
cache_alignment	: 64
address sizes	: 48 bits physical, 48 bits virtual
power management: ts ttp tm 100mhzsteps hwpstate cpb eff_freq_ro

processor	: 2
vendor_id	: AuthenticAMD
cpu family	: 21
model		: 2
model name	: AMD FX(tm)-4300 Quad-Core Processor            
stepping	: 0
microcode	: 0x600081c
cpu MHz		: 1400.000
cache size	: 2048 KB
physical id	: 0
siblings	: 4
core id		: 2
cpu cores	: 2
apicid		: 2
initial apicid	: 2
fdiv_bug	: no
hlt_bug		: no
f00f_bug	: no
coma_bug	: no
fpu		: yes
fpu_exception	: yes
cpuid level	: 13
wp		: yes
flags		: fpu vme de pse tsc msr pae mce cx8 apic sep mtrr pge mca cmov pat pse36 clflush mmx fxsr sse sse2 ht syscall nx mmxext fxsr_opt pdpe1gb rdtscp lm constant_tsc nonstop_tsc extd_apicid aperfmperf pni pclmulqdq monitor ssse3 fma cx16 sse4_1 sse4_2 popcnt aes xsave avx f16c lahf_lm cmp_legacy svm extapic cr8_legacy abm sse4a misalignsse 3dnowprefetch osvw ibs xop skinit wdt lwp fma4 tce nodeid_msr tbm topoext perfctr_core arat cpb npt lbrv svm_lock nrip_save tsc_scale vmcb_clean flushbyasid decodeassists pausefilter pfthreshold bmi1
bogomips	: 7634.15
clflush size	: 64
cache_alignment	: 64
address sizes	: 48 bits physical, 48 bits virtual
power management: ts ttp tm 100mhzsteps hwpstate cpb eff_freq_ro

processor	: 3
vendor_id	: AuthenticAMD
cpu family	: 21
model		: 2
model name	: AMD FX(tm)-4300 Quad-Core Processor            
stepping	: 0
microcode	: 0x600081c
cpu MHz		: 1400.000
cache size	: 2048 KB
physical id	: 0
siblings	: 4
core id		: 3
cpu cores	: 2
apicid		: 3
initial apicid	: 3
fdiv_bug	: no
hlt_bug		: no
f00f_bug	: no
coma_bug	: no
fpu		: yes
fpu_exception	: yes
cpuid level	: 13
wp		: yes
flags		: fpu vme de pse tsc msr pae mce cx8 apic sep mtrr pge mca cmov pat pse36 clflush mmx fxsr sse sse2 ht syscall nx mmxext fxsr_opt pdpe1gb rdtscp lm constant_tsc nonstop_tsc extd_apicid aperfmperf pni pclmulqdq monitor ssse3 fma cx16 sse4_1 sse4_2 popcnt aes xsave avx f16c lahf_lm cmp_legacy svm extapic cr8_legacy abm sse4a misalignsse 3dnowprefetch osvw ibs xop skinit wdt lwp fma4 tce nodeid_msr tbm topoext perfctr_core arat cpb npt lbrv svm_lock nrip_save tsc_scale vmcb_clean flushbyasid decodeassists pausefilter pfthreshold bmi1
bogomips	: 7634.14
clflush size	: 64
cache_alignment	: 64
address sizes	: 48 bits physical, 48 bits virtual
power management: ts ttp tm 100mhzsteps hwpstate cpb eff_freq_ro



Memory: 4k page, physical 7992872k(413980k free), swap 0k(0k free)

vm_info: OpenJDK Server VM (24.79-b02) for linux-x86 JRE (1.7.0_79-b14), built on Jul 24 2015 08:22:28 by "buildd" with gcc 4.6.3

time: Mon May 23 12:17:10 2016
elapsed time: 32 seconds

